{"C:\\vueapp\\vue_sample\\src\\App.vue": {"path":"C:\\vueapp\\vue_sample\\src\\App.vue","statementMap":{"0":{"start":{"line":76,"column":0},"end":{"line":76,"column":null}},"1":{"start":{"line":77,"column":0},"end":{"line":77,"column":null}},"2":{"start":{"line":78,"column":0},"end":{"line":78,"column":null}},"3":{"start":{"line":79,"column":0},"end":{"line":79,"column":null}},"4":{"start":{"line":81,"column":0},"end":{"line":81,"column":null}},"5":{"start":{"line":84,"column":0},"end":{"line":84,"column":null}},"6":{"start":{"line":85,"column":0},"end":{"line":85,"column":null}},"7":{"start":{"line":92,"column":0},"end":{"line":92,"column":null}},"8":{"start":{"line":104,"column":0},"end":{"line":104,"column":null}},"9":{"start":{"line":87,"column":0},"end":{"line":87,"column":null}},"10":{"start":{"line":89,"column":0},"end":{"line":89,"column":null}},"11":{"start":{"line":95,"column":0},"end":{"line":95,"column":null}},"12":{"start":{"line":97,"column":0},"end":{"line":97,"column":null}}},"fnMap":{"0":{"name":"(anonymous_1)","decl":{"start":{"line":83,"column":0},"end":{"line":83,"column":null}},"loc":{"start":{"line":83,"column":0},"end":{"line":106,"column":null}}},"1":{"name":"(anonymous_2)","decl":{"start":{"line":91,"column":0},"end":{"line":91,"column":null}},"loc":{"start":{"line":91,"column":0},"end":{"line":93,"column":null}}},"2":{"name":"(anonymous_3)","decl":{"start":{"line":99,"column":0},"end":{"line":99,"column":null}},"loc":{"start":{"line":99,"column":0},"end":{"line":101,"column":null}}},"3":{"name":"(anonymous_4)","decl":{"start":{"line":103,"column":0},"end":{"line":103,"column":null}},"loc":{"start":{"line":103,"column":0},"end":{"line":105,"column":null}}}},"branchMap":{"0":{"loc":{"start":{"line":89,"column":0},"end":{"line":89,"column":null}},"type":"cond-expr","locations":[{"start":{"line":89,"column":0},"end":{"line":89,"column":null}},{"start":{"line":89,"column":0},"end":{"line":89,"column":null}}]}},"s":{"0":0,"1":0,"2":0,"3":0,"4":0,"5":0,"6":0,"7":0,"8":0,"9":0,"10":0,"11":0,"12":0},"f":{"0":0,"1":0,"2":0,"3":0},"b":{"0":[0,0]}}
,"C:\\vueapp\\vue_sample\\src\\axios.ts": {"path":"C:\\vueapp\\vue_sample\\src\\axios.ts","statementMap":{"0":{"start":{"line":1,"column":0},"end":{"line":1,"column":null}},"1":{"start":{"line":5,"column":20},"end":{"line":49,"column":null}},"2":{"start":{"line":10,"column":20},"end":{"line":10,"column":null}},"3":{"start":{"line":12,"column":2},"end":{"line":12,"column":51}},"4":{"start":{"line":12,"column":45},"end":{"line":12,"column":51}},"5":{"start":{"line":13,"column":2},"end":{"line":13,"column":46}},"6":{"start":{"line":13,"column":40},"end":{"line":13,"column":46}},"7":{"start":{"line":15,"column":2},"end":{"line":15,"column":70}},"8":{"start":{"line":15,"column":64},"end":{"line":15,"column":70}},"9":{"start":{"line":17,"column":2},"end":{"line":17,"column":9}},"10":{"start":{"line":19,"column":2},"end":{"line":47,"column":null}},"11":{"start":{"line":20,"column":22},"end":{"line":20,"column":null}},"12":{"start":{"line":22,"column":4},"end":{"line":22,"column":10}},"13":{"start":{"line":28,"column":4},"end":{"line":28,"column":10}},"14":{"start":{"line":31,"column":8},"end":{"line":31,"column":15}},"15":{"start":{"line":32,"column":8},"end":{"line":32,"column":15}},"16":{"start":{"line":33,"column":8},"end":{"line":33,"column":14}},"17":{"start":{"line":37,"column":8},"end":{"line":37,"column":15}},"18":{"start":{"line":39,"column":8},"end":{"line":39,"column":14}},"19":{"start":{"line":43,"column":8},"end":{"line":43,"column":15}},"20":{"start":{"line":46,"column":4},"end":{"line":46,"column":11}},"21":{"start":{"line":48,"column":2},"end":{"line":48,"column":9}},"22":{"start":{"line":51,"column":15},"end":{"line":51,"column":null}}},"fnMap":{"0":{"name":"(anonymous_0)","decl":{"start":{"line":5,"column":20},"end":{"line":5,"column":null}},"loc":{"start":{"line":9,"column":18},"end":{"line":49,"column":null}}},"1":{"name":"(anonymous_1)","decl":{"start":{"line":29,"column":12},"end":{"line":29,"column":21}},"loc":{"start":{"line":29,"column":29},"end":{"line":34,"column":null}}},"2":{"name":"(anonymous_2)","decl":{"start":{"line":35,"column":13},"end":{"line":35,"column":22}},"loc":{"start":{"line":35,"column":27},"end":{"line":40,"column":null}}},"3":{"name":"(anonymous_3)","decl":{"start":{"line":41,"column":15},"end":{"line":41,"column":null}},"loc":{"start":{"line":41,"column":15},"end":{"line":44,"column":null}}}},"branchMap":{"0":{"loc":{"start":{"line":12,"column":2},"end":{"line":12,"column":51}},"type":"if","locations":[{"start":{"line":12,"column":2},"end":{"line":12,"column":51}},{"start":{"line":12,"column":2},"end":{"line":12,"column":51}}]},"1":{"loc":{"start":{"line":12,"column":6},"end":{"line":12,"column":30}},"type":"binary-expr","locations":[{"start":{"line":12,"column":6},"end":{"line":12,"column":30}},{"start":{"line":12,"column":30},"end":{"line":12,"column":45}}]},"2":{"loc":{"start":{"line":13,"column":2},"end":{"line":13,"column":46}},"type":"if","locations":[{"start":{"line":13,"column":2},"end":{"line":13,"column":46}},{"start":{"line":13,"column":2},"end":{"line":13,"column":46}}]},"3":{"loc":{"start":{"line":15,"column":2},"end":{"line":15,"column":70}},"type":"if","locations":[{"start":{"line":15,"column":2},"end":{"line":15,"column":70}},{"start":{"line":15,"column":2},"end":{"line":15,"column":70}}]},"4":{"loc":{"start":{"line":15,"column":6},"end":{"line":15,"column":30}},"type":"binary-expr","locations":[{"start":{"line":15,"column":6},"end":{"line":15,"column":30}},{"start":{"line":15,"column":30},"end":{"line":15,"column":49}},{"start":{"line":15,"column":49},"end":{"line":15,"column":64}}]}},"s":{"0":0,"1":0,"2":0,"3":0,"4":0,"5":0,"6":0,"7":0,"8":0,"9":0,"10":0,"11":0,"12":0,"13":0,"14":0,"15":0,"16":0,"17":0,"18":0,"19":0,"20":0,"21":0,"22":0},"f":{"0":0,"1":0,"2":0,"3":0},"b":{"0":[0,0],"1":[0,0],"2":[0,0],"3":[0,0],"4":[0,0,0]}}
,"C:\\vueapp\\vue_sample\\src\\main.ts": {"path":"C:\\vueapp\\vue_sample\\src\\main.ts","statementMap":{"0":{"start":{"line":2,"column":0},"end":{"line":2,"column":null}},"1":{"start":{"line":3,"column":0},"end":{"line":3,"column":null}},"2":{"start":{"line":4,"column":0},"end":{"line":4,"column":null}},"3":{"start":{"line":5,"column":0},"end":{"line":5,"column":null}},"4":{"start":{"line":6,"column":0},"end":{"line":6,"column":null}},"5":{"start":{"line":8,"column":0},"end":{"line":8,"column":4}},"6":{"start":{"line":10,"column":0},"end":{"line":10,"column":4}},"7":{"start":{"line":14,"column":15},"end":{"line":14,"column":17}}},"fnMap":{"0":{"name":"(anonymous_0)","decl":{"start":{"line":14,"column":10},"end":{"line":14,"column":11}},"loc":{"start":{"line":14,"column":15},"end":{"line":14,"column":17}}}},"branchMap":{},"s":{"0":0,"1":0,"2":0,"3":0,"4":0,"5":0,"6":0,"7":0},"f":{"0":0},"b":{}}
,"C:\\vueapp\\vue_sample\\src\\components\\HelloWorld.vue": {"path":"C:\\vueapp\\vue_sample\\src\\components\\HelloWorld.vue","statementMap":{"0":{"start":{"line":11,"column":0},"end":{"line":11,"column":null}},"1":{"start":{"line":12,"column":0},"end":{"line":12,"column":null}},"2":{"start":{"line":20,"column":0},"end":{"line":20,"column":null}},"3":{"start":{"line":23,"column":0},"end":{"line":23,"column":null}},"4":{"start":{"line":21,"column":0},"end":{"line":21,"column":null}},"5":{"start":{"line":22,"column":0},"end":{"line":22,"column":null}}},"fnMap":{"0":{"name":"(anonymous_1)","decl":{"start":{"line":19,"column":0},"end":{"line":19,"column":null}},"loc":{"start":{"line":19,"column":0},"end":{"line":24,"column":null}}}},"branchMap":{},"s":{"0":0,"1":0,"2":0,"3":0,"4":0,"5":0},"f":{"0":0},"b":{}}
,"C:\\vueapp\\vue_sample\\src\\components\\List\\List.vue": {"path":"C:\\vueapp\\vue_sample\\src\\components\\List\\List.vue","statementMap":{"0":{"start":{"line":46,"column":0},"end":{"line":46,"column":null}},"1":{"start":{"line":47,"column":0},"end":{"line":47,"column":null}},"2":{"start":{"line":48,"column":0},"end":{"line":48,"column":null}},"3":{"start":{"line":50,"column":0},"end":{"line":50,"column":null}},"4":{"start":{"line":53,"column":0},"end":{"line":53,"column":null}},"5":{"start":{"line":60,"column":0},"end":{"line":60,"column":null}},"6":{"start":{"line":64,"column":0},"end":{"line":64,"column":null}},"7":{"start":{"line":68,"column":0},"end":{"line":68,"column":null}},"8":{"start":{"line":72,"column":0},"end":{"line":72,"column":null}},"9":{"start":{"line":54,"column":0},"end":{"line":54,"column":null}},"10":{"start":{"line":56,"column":0},"end":{"line":56,"column":null}},"11":{"start":{"line":57,"column":0},"end":{"line":57,"column":null}}},"fnMap":{"0":{"name":"(anonymous_1)","decl":{"start":{"line":59,"column":0},"end":{"line":59,"column":null}},"loc":{"start":{"line":59,"column":0},"end":{"line":61,"column":null}}},"1":{"name":"(anonymous_2)","decl":{"start":{"line":63,"column":0},"end":{"line":63,"column":null}},"loc":{"start":{"line":63,"column":0},"end":{"line":65,"column":null}}},"2":{"name":"(anonymous_3)","decl":{"start":{"line":67,"column":0},"end":{"line":67,"column":null}},"loc":{"start":{"line":67,"column":0},"end":{"line":69,"column":null}}},"3":{"name":"(anonymous_4)","decl":{"start":{"line":71,"column":0},"end":{"line":71,"column":null}},"loc":{"start":{"line":71,"column":0},"end":{"line":73,"column":null}}}},"branchMap":{},"s":{"0":0,"1":0,"2":0,"3":0,"4":0,"5":0,"6":0,"7":0,"8":0,"9":0,"10":0,"11":0},"f":{"0":0,"1":0,"2":0,"3":0},"b":{}}
,"C:\\vueapp\\vue_sample\\src\\components\\List\\ListAdd.vue": {"path":"C:\\vueapp\\vue_sample\\src\\components\\List\\ListAdd.vue","statementMap":{"0":{"start":{"line":11,"column":0},"end":{"line":11,"column":null}},"1":{"start":{"line":12,"column":0},"end":{"line":12,"column":null}},"2":{"start":{"line":13,"column":0},"end":{"line":13,"column":null}},"3":{"start":{"line":15,"column":0},"end":{"line":15,"column":null}},"4":{"start":{"line":17,"column":0},"end":{"line":17,"column":null}},"5":{"start":{"line":20,"column":0},"end":{"line":20,"column":null}},"6":{"start":{"line":26,"column":0},"end":{"line":26,"column":null}},"7":{"start":{"line":30,"column":0},"end":{"line":30,"column":null}},"8":{"start":{"line":34,"column":0},"end":{"line":34,"column":null}},"9":{"start":{"line":37,"column":0},"end":{"line":37,"column":null}},"10":{"start":{"line":47,"column":0},"end":{"line":51,"column":null}},"11":{"start":{"line":48,"column":0},"end":{"line":48,"column":null}},"12":{"start":{"line":50,"column":0},"end":{"line":50,"column":null}},"13":{"start":{"line":55,"column":0},"end":{"line":59,"column":null}},"14":{"start":{"line":56,"column":0},"end":{"line":56,"column":null}},"15":{"start":{"line":58,"column":0},"end":{"line":58,"column":null}},"16":{"start":{"line":63,"column":0},"end":{"line":63,"column":null}},"17":{"start":{"line":23,"column":0},"end":{"line":23,"column":null}},"18":{"start":{"line":40,"column":0},"end":{"line":40,"column":null}},"19":{"start":{"line":41,"column":0},"end":{"line":41,"column":null}},"20":{"start":{"line":42,"column":0},"end":{"line":42,"column":null}}},"fnMap":{"0":{"name":"(anonymous_1)","decl":{"start":{"line":25,"column":0},"end":{"line":25,"column":null}},"loc":{"start":{"line":25,"column":0},"end":{"line":27,"column":null}}},"1":{"name":"(anonymous_2)","decl":{"start":{"line":29,"column":0},"end":{"line":29,"column":null}},"loc":{"start":{"line":29,"column":0},"end":{"line":31,"column":null}}},"2":{"name":"(anonymous_3)","decl":{"start":{"line":33,"column":0},"end":{"line":33,"column":null}},"loc":{"start":{"line":33,"column":0},"end":{"line":35,"column":null}}},"3":{"name":"(anonymous_4)","decl":{"start":{"line":36,"column":0},"end":{"line":36,"column":null}},"loc":{"start":{"line":36,"column":0},"end":{"line":38,"column":null}}},"4":{"name":"(anonymous_5)","decl":{"start":{"line":44,"column":0},"end":{"line":44,"column":null}},"loc":{"start":{"line":44,"column":0},"end":{"line":44,"column":null}}},"5":{"name":"(anonymous_6)","decl":{"start":{"line":46,"column":0},"end":{"line":46,"column":null}},"loc":{"start":{"line":46,"column":0},"end":{"line":52,"column":null}}},"6":{"name":"(anonymous_7)","decl":{"start":{"line":54,"column":0},"end":{"line":54,"column":null}},"loc":{"start":{"line":54,"column":0},"end":{"line":60,"column":null}}},"7":{"name":"(anonymous_8)","decl":{"start":{"line":62,"column":0},"end":{"line":62,"column":null}},"loc":{"start":{"line":62,"column":0},"end":{"line":64,"column":null}}}},"branchMap":{"0":{"loc":{"start":{"line":47,"column":0},"end":{"line":51,"column":null}},"type":"if","locations":[{"start":{"line":47,"column":0},"end":{"line":51,"column":null}},{"start":{"line":47,"column":0},"end":{"line":51,"column":null}}]},"1":{"loc":{"start":{"line":55,"column":0},"end":{"line":59,"column":null}},"type":"if","locations":[{"start":{"line":55,"column":0},"end":{"line":59,"column":null}},{"start":{"line":55,"column":0},"end":{"line":59,"column":null}}]},"2":{"loc":{"start":{"line":23,"column":0},"end":{"line":23,"column":null}},"type":"cond-expr","locations":[{"start":{"line":23,"column":0},"end":{"line":23,"column":null}},{"start":{"line":23,"column":0},"end":{"line":23,"column":null}}]}},"s":{"0":0,"1":0,"2":0,"3":0,"4":0,"5":0,"6":0,"7":0,"8":0,"9":0,"10":0,"11":0,"12":0,"13":0,"14":0,"15":0,"16":0,"17":0,"18":0,"19":0,"20":0},"f":{"0":0,"1":0,"2":0,"3":0,"4":0,"5":0,"6":0,"7":0},"b":{"0":[0,0],"1":[0,0],"2":[0,0]}}
,"C:\\vueapp\\vue_sample\\src\\components\\login\\Login.vue": {"path":"C:\\vueapp\\vue_sample\\src\\components\\login\\Login.vue","statementMap":{"0":{"start":{"line":29,"column":0},"end":{"line":29,"column":null}},"1":{"start":{"line":31,"column":0},"end":{"line":31,"column":null}},"2":{"start":{"line":32,"column":0},"end":{"line":32,"column":null}},"3":{"start":{"line":33,"column":0},"end":{"line":33,"column":null}},"4":{"start":{"line":35,"column":0},"end":{"line":35,"column":null}},"5":{"start":{"line":45,"column":0},"end":{"line":45,"column":null}},"6":{"start":{"line":46,"column":0},"end":{"line":46,"column":null}},"7":{"start":{"line":47,"column":0},"end":{"line":47,"column":null}},"8":{"start":{"line":52,"column":0},"end":{"line":52,"column":null}},"9":{"start":{"line":56,"column":0},"end":{"line":56,"column":null}},"10":{"start":{"line":67,"column":0},"end":{"line":67,"column":null}},"11":{"start":{"line":72,"column":0},"end":{"line":72,"column":null}},"12":{"start":{"line":49,"column":0},"end":{"line":49,"column":null}},"13":{"start":{"line":60,"column":0},"end":{"line":60,"column":null}},"14":{"start":{"line":45,"column":0},"end":{"line":37,"column":null}}},"fnMap":{"0":{"name":"(anonymous_1)","decl":{"start":{"line":37,"column":0},"end":{"line":37,"column":null}},"loc":{"start":{"line":37,"column":0},"end":{"line":74,"column":null}}},"1":{"name":"(anonymous_2)","decl":{"start":{"line":51,"column":0},"end":{"line":51,"column":null}},"loc":{"start":{"line":51,"column":0},"end":{"line":53,"column":null}}},"2":{"name":"(anonymous_3)","decl":{"start":{"line":55,"column":0},"end":{"line":55,"column":null}},"loc":{"start":{"line":55,"column":0},"end":{"line":57,"column":null}}},"3":{"name":"(anonymous_4)","decl":{"start":{"line":62,"column":0},"end":{"line":62,"column":null}},"loc":{"start":{"line":62,"column":0},"end":{"line":64,"column":null}}},"4":{"name":"(anonymous_5)","decl":{"start":{"line":66,"column":0},"end":{"line":66,"column":null}},"loc":{"start":{"line":66,"column":0},"end":{"line":73,"column":null}}}},"branchMap":{"0":{"loc":{"start":{"line":49,"column":0},"end":{"line":49,"column":null}},"type":"cond-expr","locations":[{"start":{"line":49,"column":0},"end":{"line":49,"column":null}},{"start":{"line":49,"column":0},"end":{"line":49,"column":null}}]}},"s":{"0":1,"1":1,"2":1,"3":1,"4":1,"5":1,"6":1,"7":1,"8":1,"9":1,"10":0,"11":0,"12":1,"13":1,"14":1},"f":{"0":1,"1":1,"2":1,"3":1,"4":0},"b":{"0":[1,1]}}
,"C:\\vueapp\\vue_sample\\src\\components\\movielist\\MovieDetail.vue": {"path":"C:\\vueapp\\vue_sample\\src\\components\\movielist\\MovieDetail.vue","statementMap":{"0":{"start":{"line":12,"column":0},"end":{"line":12,"column":null}},"1":{"start":{"line":15,"column":0},"end":{"line":15,"column":null}}},"fnMap":{"0":{"name":"(anonymous_1)","decl":{"start":{"line":11,"column":0},"end":{"line":11,"column":null}},"loc":{"start":{"line":11,"column":0},"end":{"line":13,"column":null}}},"1":{"name":"(anonymous_2)","decl":{"start":{"line":14,"column":0},"end":{"line":14,"column":null}},"loc":{"start":{"line":14,"column":0},"end":{"line":16,"column":null}}}},"branchMap":{},"s":{"0":0,"1":0},"f":{"0":0,"1":0},"b":{}}
,"C:\\vueapp\\vue_sample\\src\\components\\movielist\\MovieGrid.vue": {"path":"C:\\vueapp\\vue_sample\\src\\components\\movielist\\MovieGrid.vue","statementMap":{"0":{"start":{"line":39,"column":0},"end":{"line":39,"column":null}},"1":{"start":{"line":43,"column":0},"end":{"line":43,"column":null}}},"fnMap":{"0":{"name":"(anonymous_1)","decl":{"start":{"line":38,"column":0},"end":{"line":38,"column":null}},"loc":{"start":{"line":38,"column":0},"end":{"line":40,"column":null}}},"1":{"name":"(anonymous_2)","decl":{"start":{"line":42,"column":0},"end":{"line":42,"column":null}},"loc":{"start":{"line":42,"column":0},"end":{"line":44,"column":null}}}},"branchMap":{},"s":{"0":0,"1":0},"f":{"0":0,"1":0},"b":{}}
,"C:\\vueapp\\vue_sample\\src\\components\\mypage\\PersonalInfo.vue": {"path":"C:\\vueapp\\vue_sample\\src\\components\\mypage\\PersonalInfo.vue","statementMap":{"0":{"start":{"line":10,"column":0},"end":{"line":10,"column":null}},"1":{"start":{"line":11,"column":0},"end":{"line":11,"column":null}},"2":{"start":{"line":12,"column":0},"end":{"line":12,"column":null}},"3":{"start":{"line":13,"column":0},"end":{"line":13,"column":null}},"4":{"start":{"line":16,"column":0},"end":{"line":16,"column":null}},"5":{"start":{"line":17,"column":0},"end":{"line":17,"column":null}},"6":{"start":{"line":18,"column":0},"end":{"line":18,"column":null}},"7":{"start":{"line":20,"column":0},"end":{"line":20,"column":null}}},"fnMap":{"0":{"name":"(anonymous_1)","decl":{"start":{"line":15,"column":0},"end":{"line":15,"column":null}},"loc":{"start":{"line":15,"column":0},"end":{"line":23,"column":null}}},"1":{"name":"(anonymous_2)","decl":{"start":{"line":22,"column":0},"end":{"line":22,"column":null}},"loc":{"start":{"line":22,"column":0},"end":{"line":22,"column":null}}}},"branchMap":{"0":{"loc":{"start":{"line":20,"column":0},"end":{"line":20,"column":null}},"type":"cond-expr","locations":[{"start":{"line":20,"column":0},"end":{"line":20,"column":null}},{"start":{"line":20,"column":0},"end":{"line":20,"column":null}}]}},"s":{"0":0,"1":0,"2":0,"3":0,"4":0,"5":0,"6":0,"7":0},"f":{"0":0,"1":0},"b":{"0":[0,0]}}
,"C:\\vueapp\\vue_sample\\src\\components\\notice\\NoticeDetail.vue": {"path":"C:\\vueapp\\vue_sample\\src\\components\\notice\\NoticeDetail.vue","statementMap":{"0":{"start":{"line":8,"column":0},"end":{"line":8,"column":null}},"1":{"start":{"line":9,"column":0},"end":{"line":9,"column":null}},"2":{"start":{"line":12,"column":0},"end":{"line":12,"column":null}}},"fnMap":{},"branchMap":{},"s":{"0":0,"1":0,"2":0},"f":{},"b":{}}
,"C:\\vueapp\\vue_sample\\src\\components\\notice\\NoticeGrid.vue": {"path":"C:\\vueapp\\vue_sample\\src\\components\\notice\\NoticeGrid.vue","statementMap":{"0":{"start":{"line":21,"column":0},"end":{"line":21,"column":null}},"1":{"start":{"line":22,"column":0},"end":{"line":22,"column":null}},"2":{"start":{"line":25,"column":0},"end":{"line":25,"column":null}},"3":{"start":{"line":26,"column":0},"end":{"line":26,"column":null}}},"fnMap":{},"branchMap":{},"s":{"0":0,"1":0,"2":0,"3":0},"f":{},"b":{}}
,"C:\\vueapp\\vue_sample\\src\\mixins\\axios.ts": {"path":"C:\\vueapp\\vue_sample\\src\\mixins\\axios.ts","statementMap":{"0":{"start":{"line":1,"column":0},"end":{"line":1,"column":null}},"1":{"start":{"line":2,"column":0},"end":{"line":2,"column":null}},"2":{"start":{"line":3,"column":0},"end":{"line":3,"column":null}},"3":{"start":{"line":8,"column":0},"end":{"line":8,"column":null}},"4":{"start":{"line":9,"column":2},"end":{"line":9,"column":16}},"5":{"start":{"line":15,"column":4},"end":{"line":15,"column":43}},"6":{"start":{"line":15,"column":37},"end":{"line":15,"column":43}},"7":{"start":{"line":16,"column":4},"end":{"line":56,"column":null}},"8":{"start":{"line":17,"column":6},"end":{"line":17,"column":12}},"9":{"start":{"line":21,"column":10},"end":{"line":21,"column":17}},"10":{"start":{"line":22,"column":10},"end":{"line":22,"column":17}},"11":{"start":{"line":23,"column":10},"end":{"line":23,"column":15}},"12":{"start":{"line":27,"column":10},"end":{"line":27,"column":17}},"13":{"start":{"line":28,"column":10},"end":{"line":28,"column":17}},"14":{"start":{"line":30,"column":10},"end":{"line":30,"column":15}},"15":{"start":{"line":34,"column":10},"end":{"line":34,"column":17}},"16":{"start":{"line":37,"column":6},"end":{"line":37,"column":12}},"17":{"start":{"line":41,"column":10},"end":{"line":41,"column":17}},"18":{"start":{"line":42,"column":10},"end":{"line":42,"column":17}},"19":{"start":{"line":43,"column":10},"end":{"line":43,"column":15}},"20":{"start":{"line":47,"column":10},"end":{"line":47,"column":17}},"21":{"start":{"line":48,"column":10},"end":{"line":48,"column":17}},"22":{"start":{"line":50,"column":10},"end":{"line":50,"column":15}},"23":{"start":{"line":54,"column":10},"end":{"line":54,"column":17}},"24":{"start":{"line":58,"column":4},"end":{"line":58,"column":11}},"25":{"start":{"line":8,"column":21},"end":{"line":8,"column":26}}},"fnMap":{"0":{"name":"(anonymous_0)","decl":{"start":{"line":7,"column":0},"end":{"line":7,"column":1}},"loc":{"start":{"line":7,"column":0},"end":{"line":60,"column":null}}},"1":{"name":"(anonymous_1)","decl":{"start":{"line":14,"column":2},"end":{"line":14,"column":8}},"loc":{"start":{"line":14,"column":39},"end":{"line":59,"column":null}}},"2":{"name":"(anonymous_2)","decl":{"start":{"line":19,"column":14},"end":{"line":19,"column":22}},"loc":{"start":{"line":19,"column":25},"end":{"line":24,"column":null}}},"3":{"name":"(anonymous_3)","decl":{"start":{"line":25,"column":15},"end":{"line":25,"column":18}},"loc":{"start":{"line":25,"column":21},"end":{"line":31,"column":null}}},"4":{"name":"(anonymous_4)","decl":{"start":{"line":32,"column":14},"end":{"line":32,"column":19}},"loc":{"start":{"line":32,"column":19},"end":{"line":35,"column":null}}},"5":{"name":"(anonymous_5)","decl":{"start":{"line":39,"column":14},"end":{"line":39,"column":22}},"loc":{"start":{"line":39,"column":25},"end":{"line":44,"column":null}}},"6":{"name":"(anonymous_6)","decl":{"start":{"line":45,"column":15},"end":{"line":45,"column":18}},"loc":{"start":{"line":45,"column":21},"end":{"line":51,"column":null}}},"7":{"name":"(anonymous_7)","decl":{"start":{"line":52,"column":14},"end":{"line":52,"column":19}},"loc":{"start":{"line":52,"column":19},"end":{"line":55,"column":null}}}},"branchMap":{"0":{"loc":{"start":{"line":15,"column":4},"end":{"line":15,"column":43}},"type":"if","locations":[{"start":{"line":15,"column":4},"end":{"line":15,"column":43}},{"start":{"line":15,"column":4},"end":{"line":15,"column":43}}]},"1":{"loc":{"start":{"line":16,"column":4},"end":{"line":56,"column":null}},"type":"if","locations":[{"start":{"line":16,"column":4},"end":{"line":56,"column":null}},{"start":{"line":16,"column":4},"end":{"line":56,"column":null}}]}},"s":{"0":0,"1":0,"2":0,"3":0,"4":0,"5":0,"6":0,"7":0,"8":0,"9":0,"10":0,"11":0,"12":0,"13":0,"14":0,"15":0,"16":0,"17":0,"18":0,"19":0,"20":0,"21":0,"22":0,"23":0,"24":0,"25":0},"f":{"0":0,"1":0,"2":0,"3":0,"4":0,"5":0,"6":0,"7":0},"b":{"0":[0,0],"1":[0,0]}}
,"C:\\vueapp\\vue_sample\\src\\plugins\\vuetify.ts": {"path":"C:\\vueapp\\vue_sample\\src\\plugins\\vuetify.ts","statementMap":{"0":{"start":{"line":1,"column":0},"end":{"line":1,"column":null}},"1":{"start":{"line":2,"column":0},"end":{"line":2,"column":null}},"2":{"start":{"line":4,"column":0},"end":{"line":4,"column":4}},"3":{"start":{"line":6,"column":15},"end":{"line":6,"column":19}}},"fnMap":{},"branchMap":{},"s":{"0":0,"1":0,"2":0,"3":0},"f":{},"b":{}}
,"C:\\vueapp\\vue_sample\\src\\router\\index.ts": {"path":"C:\\vueapp\\vue_sample\\src\\router\\index.ts","statementMap":{"0":{"start":{"line":1,"column":0},"end":{"line":1,"column":null}},"1":{"start":{"line":2,"column":0},"end":{"line":2,"column":null}},"2":{"start":{"line":3,"column":0},"end":{"line":3,"column":null}},"3":{"start":{"line":5,"column":0},"end":{"line":5,"column":4}},"4":{"start":{"line":7,"column":13},"end":{"line":7,"column":31}},"5":{"start":{"line":8,"column":18},"end":{"line":8,"column":36}},"6":{"start":{"line":9,"column":15},"end":{"line":9,"column":33}},"7":{"start":{"line":10,"column":17},"end":{"line":10,"column":35}},"8":{"start":{"line":11,"column":15},"end":{"line":11,"column":33}},"9":{"start":{"line":12,"column":18},"end":{"line":12,"column":36}},"10":{"start":{"line":14,"column":16},"end":{"line":14,"column":22}},"11":{"start":{"line":16,"column":23},"end":{"line":23,"column":null}},"12":{"start":{"line":17,"column":2},"end":{"line":22,"column":null}},"13":{"start":{"line":18,"column":4},"end":{"line":18,"column":9}},"14":{"start":{"line":19,"column":4},"end":{"line":19,"column":8}},"15":{"start":{"line":21,"column":4},"end":{"line":21,"column":null}},"16":{"start":{"line":25,"column":21},"end":{"line":32,"column":null}},"17":{"start":{"line":26,"column":2},"end":{"line":31,"column":null}},"18":{"start":{"line":27,"column":4},"end":{"line":27,"column":9}},"19":{"start":{"line":28,"column":4},"end":{"line":28,"column":8}},"20":{"start":{"line":30,"column":4},"end":{"line":30,"column":null}},"21":{"start":{"line":34,"column":20},"end":{"line":34,"column":null}},"22":{"start":{"line":84,"column":20},"end":{"line":84,"column":24}},"23":{"start":{"line":90,"column":15},"end":{"line":90,"column":null}}},"fnMap":{"0":{"name":"(anonymous_0)","decl":{"start":{"line":7,"column":13},"end":{"line":7,"column":31}},"loc":{"start":{"line":7,"column":13},"end":{"line":7,"column":31}}},"1":{"name":"(anonymous_2)","decl":{"start":{"line":8,"column":18},"end":{"line":8,"column":36}},"loc":{"start":{"line":8,"column":18},"end":{"line":8,"column":36}}},"2":{"name":"(anonymous_4)","decl":{"start":{"line":9,"column":15},"end":{"line":9,"column":33}},"loc":{"start":{"line":9,"column":15},"end":{"line":9,"column":33}}},"3":{"name":"(anonymous_6)","decl":{"start":{"line":10,"column":17},"end":{"line":10,"column":35}},"loc":{"start":{"line":10,"column":17},"end":{"line":10,"column":35}}},"4":{"name":"(anonymous_8)","decl":{"start":{"line":11,"column":15},"end":{"line":11,"column":33}},"loc":{"start":{"line":11,"column":15},"end":{"line":11,"column":33}}},"5":{"name":"(anonymous_10)","decl":{"start":{"line":12,"column":18},"end":{"line":12,"column":36}},"loc":{"start":{"line":12,"column":18},"end":{"line":12,"column":36}}},"6":{"name":"(anonymous_12)","decl":{"start":{"line":16,"column":23},"end":{"line":16,"column":24}},"loc":{"start":{"line":16,"column":69},"end":{"line":23,"column":null}}},"7":{"name":"(anonymous_13)","decl":{"start":{"line":25,"column":21},"end":{"line":25,"column":22}},"loc":{"start":{"line":25,"column":67},"end":{"line":32,"column":null}}}},"branchMap":{"0":{"loc":{"start":{"line":17,"column":2},"end":{"line":22,"column":null}},"type":"if","locations":[{"start":{"line":17,"column":2},"end":{"line":22,"column":null}},{"start":{"line":17,"column":2},"end":{"line":22,"column":null}}]},"1":{"loc":{"start":{"line":26,"column":2},"end":{"line":31,"column":null}},"type":"if","locations":[{"start":{"line":26,"column":2},"end":{"line":31,"column":null}},{"start":{"line":26,"column":2},"end":{"line":31,"column":null}}]}},"s":{"0":0,"1":0,"2":0,"3":0,"4":0,"5":0,"6":0,"7":0,"8":0,"9":0,"10":0,"11":0,"12":0,"13":0,"14":0,"15":0,"16":0,"17":0,"18":0,"19":0,"20":0,"21":0,"22":0,"23":0},"f":{"0":0,"1":0,"2":0,"3":0,"4":0,"5":0,"6":0,"7":0},"b":{"0":[0,0],"1":[0,0]}}
,"C:\\vueapp\\vue_sample\\src\\store\\index.ts": {"path":"C:\\vueapp\\vue_sample\\src\\store\\index.ts","statementMap":{"0":{"start":{"line":1,"column":0},"end":{"line":1,"column":null}},"1":{"start":{"line":2,"column":0},"end":{"line":2,"column":null}},"2":{"start":{"line":3,"column":0},"end":{"line":3,"column":null}},"3":{"start":{"line":4,"column":0},"end":{"line":4,"column":null}},"4":{"start":{"line":9,"column":0},"end":{"line":9,"column":4}},"5":{"start":{"line":11,"column":39},"end":{"line":11,"column":null}},"6":{"start":{"line":22,"column":15},"end":{"line":22,"column":19}}},"fnMap":{},"branchMap":{},"s":{"0":0,"1":0,"2":0,"3":0,"4":0,"5":0,"6":0},"f":{},"b":{}}
,"C:\\vueapp\\vue_sample\\src\\store\\modules\\login\\actions.ts": {"path":"C:\\vueapp\\vue_sample\\src\\store\\modules\\login\\actions.ts","statementMap":{"0":{"start":{"line":2,"column":0},"end":{"line":2,"column":null}},"1":{"start":{"line":4,"column":0},"end":{"line":4,"column":null}},"2":{"start":{"line":6,"column":53},"end":{"line":6,"column":null}},"3":{"start":{"line":8,"column":28},"end":{"line":8,"column":null}},"4":{"start":{"line":9,"column":20},"end":{"line":9,"column":null}},"5":{"start":{"line":11,"column":4},"end":{"line":13,"column":null}},"6":{"start":{"line":12,"column":6},"end":{"line":12,"column":53}},"7":{"start":{"line":12,"column":41},"end":{"line":12,"column":53}},"8":{"start":{"line":15,"column":4},"end":{"line":20,"column":null}},"9":{"start":{"line":16,"column":6},"end":{"line":16,"column":12}},"10":{"start":{"line":18,"column":6},"end":{"line":18,"column":12}},"11":{"start":{"line":19,"column":6},"end":{"line":19,"column":13}},"12":{"start":{"line":24,"column":4},"end":{"line":24,"column":10}},"13":{"start":{"line":25,"column":4},"end":{"line":25,"column":11}}},"fnMap":{"0":{"name":"(anonymous_0)","decl":{"start":{"line":7,"column":2},"end":{"line":7,"column":13}},"loc":{"start":{"line":7,"column":34},"end":{"line":21,"column":null}}},"1":{"name":"(anonymous_1)","decl":{"start":{"line":23,"column":2},"end":{"line":23,"column":14}},"loc":{"start":{"line":23,"column":25},"end":{"line":26,"column":null}}}},"branchMap":{"0":{"loc":{"start":{"line":12,"column":6},"end":{"line":12,"column":53}},"type":"if","locations":[{"start":{"line":12,"column":6},"end":{"line":12,"column":53}},{"start":{"line":12,"column":6},"end":{"line":12,"column":53}}]},"1":{"loc":{"start":{"line":15,"column":4},"end":{"line":20,"column":null}},"type":"if","locations":[{"start":{"line":15,"column":4},"end":{"line":20,"column":null}},{"start":{"line":15,"column":4},"end":{"line":20,"column":null}}]},"2":{"loc":{"start":{"line":15,"column":8},"end":{"line":15,"column":33}},"type":"binary-expr","locations":[{"start":{"line":15,"column":8},"end":{"line":15,"column":33}},{"start":{"line":15,"column":33},"end":{"line":15,"column":78}}]}},"s":{"0":0,"1":0,"2":0,"3":0,"4":0,"5":0,"6":0,"7":0,"8":0,"9":0,"10":0,"11":0,"12":0,"13":0},"f":{"0":0,"1":0},"b":{"0":[0,0],"1":[0,0],"2":[0,0]}}
,"C:\\vueapp\\vue_sample\\src\\store\\modules\\login\\getters.ts": {"path":"C:\\vueapp\\vue_sample\\src\\store\\modules\\login\\getters.ts","statementMap":{"0":{"start":{"line":5,"column":53},"end":{"line":5,"column":null}},"1":{"start":{"line":7,"column":15},"end":{"line":7,"column":null}},"2":{"start":{"line":10,"column":4},"end":{"line":10,"column":11}},"3":{"start":{"line":13,"column":20},"end":{"line":13,"column":null}},"4":{"start":{"line":14,"column":4},"end":{"line":14,"column":11}}},"fnMap":{"0":{"name":"(anonymous_0)","decl":{"start":{"line":6,"column":2},"end":{"line":6,"column":10}},"loc":{"start":{"line":6,"column":23},"end":{"line":11,"column":null}}},"1":{"name":"(anonymous_1)","decl":{"start":{"line":12,"column":2},"end":{"line":12,"column":12}},"loc":{"start":{"line":12,"column":25},"end":{"line":15,"column":null}}}},"branchMap":{"0":{"loc":{"start":{"line":7,"column":15},"end":{"line":7,"column":33}},"type":"binary-expr","locations":[{"start":{"line":7,"column":15},"end":{"line":7,"column":33}},{"start":{"line":7,"column":33},"end":{"line":7,"column":null}}]}},"s":{"0":0,"1":0,"2":0,"3":0,"4":0},"f":{"0":0,"1":0},"b":{"0":[0,0]}}
,"C:\\vueapp\\vue_sample\\src\\store\\modules\\login\\index.ts": {"path":"C:\\vueapp\\vue_sample\\src\\store\\modules\\login\\index.ts","statementMap":{"0":{"start":{"line":2,"column":0},"end":{"line":2,"column":null}},"1":{"start":{"line":3,"column":0},"end":{"line":3,"column":null}},"2":{"start":{"line":4,"column":0},"end":{"line":4,"column":null}},"3":{"start":{"line":9,"column":28},"end":{"line":9,"column":null}},"4":{"start":{"line":15,"column":19},"end":{"line":15,"column":null}},"5":{"start":{"line":17,"column":47},"end":{"line":17,"column":null}}},"fnMap":{},"branchMap":{},"s":{"0":0,"1":0,"2":0,"3":0,"4":0,"5":0},"f":{},"b":{}}
,"C:\\vueapp\\vue_sample\\src\\store\\modules\\login\\mutations.ts": {"path":"C:\\vueapp\\vue_sample\\src\\store\\modules\\login\\mutations.ts","statementMap":{"0":{"start":{"line":4,"column":46},"end":{"line":4,"column":null}},"1":{"start":{"line":6,"column":4},"end":{"line":6,"column":9}},"2":{"start":{"line":7,"column":4},"end":{"line":7,"column":9}},"3":{"start":{"line":8,"column":4},"end":{"line":8,"column":9}},"4":{"start":{"line":12,"column":4},"end":{"line":12,"column":9}},"5":{"start":{"line":13,"column":4},"end":{"line":13,"column":9}},"6":{"start":{"line":14,"column":4},"end":{"line":14,"column":9}},"7":{"start":{"line":18,"column":4},"end":{"line":18,"column":9}},"8":{"start":{"line":19,"column":4},"end":{"line":19,"column":9}},"9":{"start":{"line":20,"column":4},"end":{"line":20,"column":9}}},"fnMap":{"0":{"name":"(anonymous_0)","decl":{"start":{"line":5,"column":16},"end":{"line":5,"column":17}},"loc":{"start":{"line":5,"column":47},"end":{"line":9,"column":null}}},"1":{"name":"(anonymous_1)","decl":{"start":{"line":11,"column":15},"end":{"line":11,"column":36}},"loc":{"start":{"line":11,"column":36},"end":{"line":15,"column":null}}},"2":{"name":"(anonymous_2)","decl":{"start":{"line":17,"column":11},"end":{"line":17,"column":32}},"loc":{"start":{"line":17,"column":32},"end":{"line":21,"column":null}}}},"branchMap":{},"s":{"0":0,"1":0,"2":0,"3":0,"4":0,"5":0,"6":0,"7":0,"8":0,"9":0},"f":{"0":0,"1":0,"2":0},"b":{}}
,"C:\\vueapp\\vue_sample\\src\\store\\modules\\login\\state.ts": {"path":"C:\\vueapp\\vue_sample\\src\\store\\modules\\login\\state.ts","statementMap":{"0":{"start":{"line":1,"column":24},"end":{"line":1,"column":null}}},"fnMap":{},"branchMap":{},"s":{"0":1},"f":{},"b":{}}
,"C:\\vueapp\\vue_sample\\src\\store\\modules\\todoList\\actions.ts": {"path":"C:\\vueapp\\vue_sample\\src\\store\\modules\\todoList\\actions.ts","statementMap":{"0":{"start":{"line":5,"column":53},"end":{"line":5,"column":null}},"1":{"start":{"line":7,"column":4},"end":{"line":7,"column":10}},"2":{"start":{"line":10,"column":4},"end":{"line":10,"column":10}},"3":{"start":{"line":13,"column":4},"end":{"line":13,"column":10}},"4":{"start":{"line":16,"column":4},"end":{"line":16,"column":10}},"5":{"start":{"line":19,"column":4},"end":{"line":19,"column":10}}},"fnMap":{"0":{"name":"(anonymous_0)","decl":{"start":{"line":6,"column":2},"end":{"line":6,"column":9}},"loc":{"start":{"line":6,"column":29},"end":{"line":8,"column":null}}},"1":{"name":"(anonymous_1)","decl":{"start":{"line":9,"column":2},"end":{"line":9,"column":15}},"loc":{"start":{"line":9,"column":35},"end":{"line":11,"column":null}}},"2":{"name":"(anonymous_2)","decl":{"start":{"line":12,"column":2},"end":{"line":12,"column":12}},"loc":{"start":{"line":12,"column":32},"end":{"line":14,"column":null}}},"3":{"name":"(anonymous_3)","decl":{"start":{"line":15,"column":2},"end":{"line":15,"column":10}},"loc":{"start":{"line":15,"column":30},"end":{"line":17,"column":null}}},"4":{"name":"(anonymous_4)","decl":{"start":{"line":18,"column":2},"end":{"line":18,"column":13}},"loc":{"start":{"line":18,"column":33},"end":{"line":20,"column":null}}}},"branchMap":{},"s":{"0":0,"1":0,"2":0,"3":0,"4":0,"5":0},"f":{"0":0,"1":0,"2":0,"3":0,"4":0},"b":{}}
,"C:\\vueapp\\vue_sample\\src\\store\\modules\\todoList\\getters.ts": {"path":"C:\\vueapp\\vue_sample\\src\\store\\modules\\todoList\\getters.ts","statementMap":{"0":{"start":{"line":5,"column":53},"end":{"line":5,"column":null}},"1":{"start":{"line":7,"column":16},"end":{"line":7,"column":null}},"2":{"start":{"line":9,"column":4},"end":{"line":9,"column":9}},"3":{"start":{"line":10,"column":6},"end":{"line":10,"column":null}},"4":{"start":{"line":10,"column":34},"end":{"line":10,"column":null}},"5":{"start":{"line":13,"column":4},"end":{"line":13,"column":11}}},"fnMap":{"0":{"name":"(anonymous_0)","decl":{"start":{"line":6,"column":2},"end":{"line":6,"column":11}},"loc":{"start":{"line":6,"column":24},"end":{"line":14,"column":null}}},"1":{"name":"(anonymous_1)","decl":{"start":{"line":9,"column":27},"end":{"line":9,"column":31}},"loc":{"start":{"line":9,"column":34},"end":{"line":11,"column":null}}}},"branchMap":{"0":{"loc":{"start":{"line":10,"column":6},"end":{"line":10,"column":null}},"type":"if","locations":[{"start":{"line":10,"column":6},"end":{"line":10,"column":null}},{"start":{"line":10,"column":6},"end":{"line":10,"column":null}}]}},"s":{"0":0,"1":0,"2":0,"3":0,"4":0,"5":0},"f":{"0":0,"1":0},"b":{"0":[0,0]}}
,"C:\\vueapp\\vue_sample\\src\\store\\modules\\todoList\\index.ts": {"path":"C:\\vueapp\\vue_sample\\src\\store\\modules\\todoList\\index.ts","statementMap":{"0":{"start":{"line":2,"column":0},"end":{"line":2,"column":null}},"1":{"start":{"line":3,"column":0},"end":{"line":3,"column":null}},"2":{"start":{"line":4,"column":0},"end":{"line":4,"column":null}},"3":{"start":{"line":10,"column":28},"end":{"line":10,"column":null}},"4":{"start":{"line":17,"column":19},"end":{"line":17,"column":null}},"5":{"start":{"line":19,"column":50},"end":{"line":19,"column":null}}},"fnMap":{},"branchMap":{},"s":{"0":0,"1":0,"2":0,"3":0,"4":0,"5":0},"f":{},"b":{}}
,"C:\\vueapp\\vue_sample\\src\\store\\modules\\todoList\\mutations.ts": {"path":"C:\\vueapp\\vue_sample\\src\\store\\modules\\todoList\\mutations.ts","statementMap":{"0":{"start":{"line":4,"column":46},"end":{"line":4,"column":null}},"1":{"start":{"line":6,"column":4},"end":{"line":6,"column":9}},"2":{"start":{"line":7,"column":4},"end":{"line":7,"column":9}},"3":{"start":{"line":10,"column":4},"end":{"line":10,"column":9}},"4":{"start":{"line":13,"column":4},"end":{"line":13,"column":9}},"5":{"start":{"line":16,"column":4},"end":{"line":16,"column":9}},"6":{"start":{"line":19,"column":4},"end":{"line":21,"column":null}},"7":{"start":{"line":20,"column":6},"end":{"line":20,"column":11}},"8":{"start":{"line":22,"column":4},"end":{"line":24,"column":null}},"9":{"start":{"line":23,"column":6},"end":{"line":23,"column":11}},"10":{"start":{"line":25,"column":4},"end":{"line":27,"column":null}},"11":{"start":{"line":26,"column":6},"end":{"line":26,"column":11}}},"fnMap":{"0":{"name":"(anonymous_0)","decl":{"start":{"line":5,"column":2},"end":{"line":5,"column":9}},"loc":{"start":{"line":5,"column":43},"end":{"line":8,"column":null}}},"1":{"name":"(anonymous_1)","decl":{"start":{"line":9,"column":2},"end":{"line":9,"column":15}},"loc":{"start":{"line":9,"column":37},"end":{"line":11,"column":null}}},"2":{"name":"(anonymous_2)","decl":{"start":{"line":12,"column":2},"end":{"line":12,"column":12}},"loc":{"start":{"line":12,"column":34},"end":{"line":14,"column":null}}},"3":{"name":"(anonymous_3)","decl":{"start":{"line":15,"column":2},"end":{"line":15,"column":10}},"loc":{"start":{"line":15,"column":32},"end":{"line":17,"column":null}}},"4":{"name":"(anonymous_4)","decl":{"start":{"line":18,"column":2},"end":{"line":18,"column":13}},"loc":{"start":{"line":18,"column":35},"end":{"line":28,"column":null}}}},"branchMap":{"0":{"loc":{"start":{"line":19,"column":4},"end":{"line":21,"column":null}},"type":"if","locations":[{"start":{"line":19,"column":4},"end":{"line":21,"column":null}},{"start":{"line":19,"column":4},"end":{"line":21,"column":null}}]},"1":{"loc":{"start":{"line":19,"column":8},"end":{"line":19,"column":38}},"type":"binary-expr","locations":[{"start":{"line":19,"column":8},"end":{"line":19,"column":38}},{"start":{"line":19,"column":38},"end":{"line":19,"column":61}}]},"2":{"loc":{"start":{"line":22,"column":4},"end":{"line":24,"column":null}},"type":"if","locations":[{"start":{"line":22,"column":4},"end":{"line":24,"column":null}},{"start":{"line":22,"column":4},"end":{"line":24,"column":null}}]},"3":{"loc":{"start":{"line":22,"column":8},"end":{"line":22,"column":39}},"type":"binary-expr","locations":[{"start":{"line":22,"column":8},"end":{"line":22,"column":39}},{"start":{"line":22,"column":39},"end":{"line":22,"column":63}}]},"4":{"loc":{"start":{"line":25,"column":4},"end":{"line":27,"column":null}},"type":"if","locations":[{"start":{"line":25,"column":4},"end":{"line":27,"column":null}},{"start":{"line":25,"column":4},"end":{"line":27,"column":null}}]},"5":{"loc":{"start":{"line":25,"column":8},"end":{"line":25,"column":38}},"type":"binary-expr","locations":[{"start":{"line":25,"column":8},"end":{"line":25,"column":38}},{"start":{"line":25,"column":38},"end":{"line":25,"column":61}}]}},"s":{"0":0,"1":0,"2":0,"3":0,"4":0,"5":0,"6":0,"7":0,"8":0,"9":0,"10":0,"11":0},"f":{"0":0,"1":0,"2":0,"3":0,"4":0},"b":{"0":[0,0],"1":[0,0],"2":[0,0],"3":[0,0],"4":[0,0],"5":[0,0]}}
,"C:\\vueapp\\vue_sample\\src\\views\\Home.vue": {"path":"C:\\vueapp\\vue_sample\\src\\views\\Home.vue","statementMap":{"0":{"start":{"line":15,"column":0},"end":{"line":15,"column":null}},"1":{"start":{"line":16,"column":0},"end":{"line":16,"column":null}},"2":{"start":{"line":17,"column":0},"end":{"line":17,"column":null}},"3":{"start":{"line":24,"column":0},"end":{"line":24,"column":null}},"4":{"start":{"line":26,"column":0},"end":{"line":26,"column":null}},"5":{"start":{"line":27,"column":0},"end":{"line":27,"column":null}},"6":{"start":{"line":30,"column":0},"end":{"line":30,"column":null}},"7":{"start":{"line":35,"column":0},"end":{"line":35,"column":null}},"8":{"start":{"line":38,"column":0},"end":{"line":38,"column":null}},"9":{"start":{"line":24,"column":0},"end":{"line":19,"column":null}}},"fnMap":{"0":{"name":"(anonymous_1)","decl":{"start":{"line":19,"column":0},"end":{"line":19,"column":null}},"loc":{"start":{"line":19,"column":0},"end":{"line":40,"column":null}}},"1":{"name":"(anonymous_2)","decl":{"start":{"line":29,"column":0},"end":{"line":29,"column":null}},"loc":{"start":{"line":29,"column":0},"end":{"line":31,"column":null}}},"2":{"name":"(anonymous_3)","decl":{"start":{"line":34,"column":0},"end":{"line":34,"column":null}},"loc":{"start":{"line":34,"column":0},"end":{"line":36,"column":null}}},"3":{"name":"(anonymous_4)","decl":{"start":{"line":37,"column":0},"end":{"line":37,"column":null}},"loc":{"start":{"line":37,"column":0},"end":{"line":39,"column":null}}}},"branchMap":{},"s":{"0":0,"1":0,"2":0,"3":0,"4":0,"5":0,"6":0,"7":0,"8":0,"9":0},"f":{"0":0,"1":0,"2":0,"3":0},"b":{}}
,"C:\\vueapp\\vue_sample\\src\\views\\LoginPage.vue": {"path":"C:\\vueapp\\vue_sample\\src\\views\\LoginPage.vue","statementMap":{"0":{"start":{"line":6,"column":0},"end":{"line":6,"column":null}},"1":{"start":{"line":7,"column":0},"end":{"line":7,"column":null}},"2":{"start":{"line":8,"column":0},"end":{"line":8,"column":null}},"3":{"start":{"line":15,"column":0},"end":{"line":15,"column":null}},"4":{"start":{"line":15,"column":0},"end":{"line":10,"column":null}}},"fnMap":{},"branchMap":{},"s":{"0":0,"1":0,"2":0,"3":0,"4":0},"f":{},"b":{}}
,"C:\\vueapp\\vue_sample\\src\\views\\MovieList.vue": {"path":"C:\\vueapp\\vue_sample\\src\\views\\MovieList.vue","statementMap":{"0":{"start":{"line":10,"column":0},"end":{"line":10,"column":null}},"1":{"start":{"line":11,"column":0},"end":{"line":11,"column":null}},"2":{"start":{"line":14,"column":0},"end":{"line":14,"column":null}},"3":{"start":{"line":21,"column":0},"end":{"line":21,"column":null}},"4":{"start":{"line":24,"column":0},"end":{"line":24,"column":null}},"5":{"start":{"line":26,"column":0},"end":{"line":26,"column":null}},"6":{"start":{"line":27,"column":0},"end":{"line":27,"column":null}},"7":{"start":{"line":30,"column":0},"end":{"line":30,"column":null}},"8":{"start":{"line":35,"column":0},"end":{"line":35,"column":null}},"9":{"start":{"line":21,"column":0},"end":{"line":16,"column":null}}},"fnMap":{"0":{"name":"(anonymous_1)","decl":{"start":{"line":16,"column":0},"end":{"line":16,"column":null}},"loc":{"start":{"line":16,"column":0},"end":{"line":38,"column":null}}},"1":{"name":"(anonymous_2)","decl":{"start":{"line":29,"column":0},"end":{"line":29,"column":null}},"loc":{"start":{"line":29,"column":0},"end":{"line":31,"column":null}}},"2":{"name":"(anonymous_3)","decl":{"start":{"line":34,"column":0},"end":{"line":34,"column":null}},"loc":{"start":{"line":34,"column":0},"end":{"line":37,"column":null}}}},"branchMap":{},"s":{"0":0,"1":0,"2":0,"3":0,"4":0,"5":0,"6":0,"7":0,"8":0,"9":0},"f":{"0":0,"1":0,"2":0},"b":{}}
,"C:\\vueapp\\vue_sample\\src\\views\\MyPage.vue": {"path":"C:\\vueapp\\vue_sample\\src\\views\\MyPage.vue","statementMap":{"0":{"start":{"line":6,"column":0},"end":{"line":6,"column":null}},"1":{"start":{"line":7,"column":0},"end":{"line":7,"column":null}},"2":{"start":{"line":8,"column":0},"end":{"line":8,"column":null}},"3":{"start":{"line":15,"column":0},"end":{"line":15,"column":null}},"4":{"start":{"line":15,"column":0},"end":{"line":10,"column":null}}},"fnMap":{},"branchMap":{},"s":{"0":0,"1":0,"2":0,"3":0,"4":0},"f":{},"b":{}}
,"C:\\vueapp\\vue_sample\\src\\views\\Notice.vue": {"path":"C:\\vueapp\\vue_sample\\src\\views\\Notice.vue","statementMap":{"0":{"start":{"line":6,"column":0},"end":{"line":6,"column":null}},"1":{"start":{"line":7,"column":0},"end":{"line":7,"column":null}},"2":{"start":{"line":8,"column":0},"end":{"line":8,"column":null}},"3":{"start":{"line":15,"column":0},"end":{"line":15,"column":null}},"4":{"start":{"line":17,"column":0},"end":{"line":30,"column":null}},"5":{"start":{"line":15,"column":0},"end":{"line":10,"column":null}}},"fnMap":{"0":{"name":"(anonymous_1)","decl":{"start":{"line":10,"column":0},"end":{"line":10,"column":null}},"loc":{"start":{"line":10,"column":0},"end":{"line":35,"column":null}}}},"branchMap":{},"s":{"0":0,"1":0,"2":0,"3":0,"4":0,"5":0},"f":{"0":0},"b":{}}
,"C:\\vueapp\\vue_sample\\src\\views\\ToDoList.vue": {"path":"C:\\vueapp\\vue_sample\\src\\views\\ToDoList.vue","statementMap":{"0":{"start":{"line":22,"column":0},"end":{"line":22,"column":null}},"1":{"start":{"line":23,"column":0},"end":{"line":23,"column":null}},"2":{"start":{"line":24,"column":0},"end":{"line":24,"column":null}},"3":{"start":{"line":25,"column":0},"end":{"line":25,"column":null}},"4":{"start":{"line":26,"column":0},"end":{"line":26,"column":null}},"5":{"start":{"line":27,"column":0},"end":{"line":27,"column":null}},"6":{"start":{"line":29,"column":0},"end":{"line":29,"column":null}},"7":{"start":{"line":37,"column":0},"end":{"line":37,"column":null}},"8":{"start":{"line":41,"column":0},"end":{"line":41,"column":null}},"9":{"start":{"line":45,"column":0},"end":{"line":45,"column":null}},"10":{"start":{"line":49,"column":0},"end":{"line":49,"column":null}},"11":{"start":{"line":53,"column":0},"end":{"line":53,"column":null}},"12":{"start":{"line":57,"column":0},"end":{"line":57,"column":null}},"13":{"start":{"line":61,"column":0},"end":{"line":61,"column":null}},"14":{"start":{"line":65,"column":0},"end":{"line":65,"column":null}},"15":{"start":{"line":69,"column":0},"end":{"line":69,"column":null}},"16":{"start":{"line":81,"column":0},"end":{"line":81,"column":null}},"17":{"start":{"line":85,"column":0},"end":{"line":85,"column":null}},"18":{"start":{"line":88,"column":0},"end":{"line":88,"column":null}},"19":{"start":{"line":92,"column":0},"end":{"line":92,"column":null}},"20":{"start":{"line":93,"column":0},"end":{"line":93,"column":null}},"21":{"start":{"line":94,"column":0},"end":{"line":94,"column":null}},"22":{"start":{"line":95,"column":0},"end":{"line":95,"column":null}},"23":{"start":{"line":99,"column":0},"end":{"line":99,"column":null}},"24":{"start":{"line":100,"column":0},"end":{"line":100,"column":null}},"25":{"start":{"line":101,"column":0},"end":{"line":101,"column":null}},"26":{"start":{"line":102,"column":0},"end":{"line":102,"column":null}},"27":{"start":{"line":38,"column":0},"end":{"line":38,"column":null}},"28":{"start":{"line":72,"column":0},"end":{"line":72,"column":null}},"29":{"start":{"line":74,"column":0},"end":{"line":74,"column":null}},"30":{"start":{"line":75,"column":0},"end":{"line":75,"column":null}},"31":{"start":{"line":76,"column":0},"end":{"line":76,"column":null}},"32":{"start":{"line":37,"column":0},"end":{"line":31,"column":null}}},"fnMap":{"0":{"name":"(anonymous_1)","decl":{"start":{"line":40,"column":0},"end":{"line":40,"column":null}},"loc":{"start":{"line":40,"column":0},"end":{"line":42,"column":null}}},"1":{"name":"(anonymous_2)","decl":{"start":{"line":44,"column":0},"end":{"line":44,"column":null}},"loc":{"start":{"line":44,"column":0},"end":{"line":46,"column":null}}},"2":{"name":"(anonymous_3)","decl":{"start":{"line":48,"column":0},"end":{"line":48,"column":null}},"loc":{"start":{"line":48,"column":0},"end":{"line":50,"column":null}}},"3":{"name":"(anonymous_4)","decl":{"start":{"line":52,"column":0},"end":{"line":52,"column":null}},"loc":{"start":{"line":52,"column":0},"end":{"line":54,"column":null}}},"4":{"name":"(anonymous_5)","decl":{"start":{"line":56,"column":0},"end":{"line":56,"column":null}},"loc":{"start":{"line":56,"column":0},"end":{"line":58,"column":null}}},"5":{"name":"(anonymous_6)","decl":{"start":{"line":60,"column":0},"end":{"line":60,"column":null}},"loc":{"start":{"line":60,"column":0},"end":{"line":62,"column":null}}},"6":{"name":"(anonymous_7)","decl":{"start":{"line":64,"column":0},"end":{"line":64,"column":null}},"loc":{"start":{"line":64,"column":0},"end":{"line":66,"column":null}}},"7":{"name":"(anonymous_8)","decl":{"start":{"line":68,"column":0},"end":{"line":68,"column":null}},"loc":{"start":{"line":68,"column":0},"end":{"line":70,"column":null}}},"8":{"name":"(anonymous_9)","decl":{"start":{"line":78,"column":0},"end":{"line":78,"column":null}},"loc":{"start":{"line":78,"column":0},"end":{"line":78,"column":null}}},"9":{"name":"(anonymous_10)","decl":{"start":{"line":80,"column":0},"end":{"line":80,"column":null}},"loc":{"start":{"line":80,"column":0},"end":{"line":82,"column":null}}},"10":{"name":"(anonymous_11)","decl":{"start":{"line":84,"column":0},"end":{"line":84,"column":null}},"loc":{"start":{"line":84,"column":0},"end":{"line":86,"column":null}}},"11":{"name":"(anonymous_12)","decl":{"start":{"line":87,"column":0},"end":{"line":87,"column":null}},"loc":{"start":{"line":87,"column":0},"end":{"line":89,"column":null}}},"12":{"name":"(anonymous_13)","decl":{"start":{"line":91,"column":0},"end":{"line":91,"column":null}},"loc":{"start":{"line":91,"column":0},"end":{"line":96,"column":null}}},"13":{"name":"(anonymous_14)","decl":{"start":{"line":98,"column":0},"end":{"line":98,"column":null}},"loc":{"start":{"line":98,"column":0},"end":{"line":103,"column":null}}}},"branchMap":{"0":{"loc":{"start":{"line":38,"column":0},"end":{"line":38,"column":null}},"type":"cond-expr","locations":[{"start":{"line":38,"column":0},"end":{"line":38,"column":null}},{"start":{"line":38,"column":0},"end":{"line":38,"column":null}}]}},"s":{"0":0,"1":0,"2":0,"3":0,"4":0,"5":0,"6":0,"7":0,"8":0,"9":0,"10":0,"11":0,"12":0,"13":0,"14":0,"15":0,"16":0,"17":0,"18":0,"19":0,"20":0,"21":0,"22":0,"23":0,"24":0,"25":0,"26":0,"27":0,"28":0,"29":0,"30":0,"31":0,"32":0},"f":{"0":0,"1":0,"2":0,"3":0,"4":0,"5":0,"6":0,"7":0,"8":0,"9":0,"10":0,"11":0,"12":0,"13":0},"b":{"0":[0,0]}}
}
