{"C:\\vueapp\\test\\src\\App.vue": {"path":"C:\\vueapp\\test\\src\\App.vue","statementMap":{"0":{"start":{"line":6,"column":0},"end":{"line":6,"column":null}},"1":{"start":{"line":11,"column":0},"end":{"line":11,"column":null}},"2":{"start":{"line":11,"column":0},"end":{"line":8,"column":null}}},"fnMap":{},"branchMap":{},"s":{"0":0,"1":0,"2":0},"f":{},"b":{}}
,"C:\\vueapp\\test\\src\\api\\axios.ts": {"path":"C:\\vueapp\\test\\src\\api\\axios.ts","statementMap":{"0":{"start":{"line":1,"column":0},"end":{"line":1,"column":null}},"1":{"start":{"line":2,"column":0},"end":{"line":2,"column":null}},"2":{"start":{"line":3,"column":0},"end":{"line":3,"column":null}},"3":{"start":{"line":5,"column":0},"end":{"line":5,"column":6}},"4":{"start":{"line":6,"column":0},"end":{"line":6,"column":6}},"5":{"start":{"line":7,"column":0},"end":{"line":7,"column":6}},"6":{"start":{"line":10,"column":16},"end":{"line":55,"column":null}},"7":{"start":{"line":15,"column":20},"end":{"line":15,"column":null}},"8":{"start":{"line":16,"column":16},"end":{"line":16,"column":null}},"9":{"start":{"line":18,"column":2},"end":{"line":18,"column":45}},"10":{"start":{"line":18,"column":41},"end":{"line":18,"column":45}},"11":{"start":{"line":19,"column":2},"end":{"line":19,"column":42}},"12":{"start":{"line":19,"column":38},"end":{"line":19,"column":42}},"13":{"start":{"line":21,"column":16},"end":{"line":21,"column":22}},"14":{"start":{"line":23,"column":2},"end":{"line":27,"column":null}},"15":{"start":{"line":24,"column":4},"end":{"line":24,"column":11}},"16":{"start":{"line":29,"column":2},"end":{"line":52,"column":null}},"17":{"start":{"line":30,"column":4},"end":{"line":30,"column":10}},"18":{"start":{"line":38,"column":8},"end":{"line":38,"column":15}},"19":{"start":{"line":39,"column":8},"end":{"line":39,"column":14}},"20":{"start":{"line":43,"column":8},"end":{"line":43,"column":15}},"21":{"start":{"line":45,"column":8},"end":{"line":45,"column":14}},"22":{"start":{"line":51,"column":4},"end":{"line":51,"column":11}},"23":{"start":{"line":54,"column":2},"end":{"line":54,"column":9}},"24":{"start":{"line":57,"column":23},"end":{"line":92,"column":null}},"25":{"start":{"line":62,"column":20},"end":{"line":62,"column":null}},"26":{"start":{"line":64,"column":2},"end":{"line":64,"column":45}},"27":{"start":{"line":64,"column":41},"end":{"line":64,"column":45}},"28":{"start":{"line":65,"column":2},"end":{"line":65,"column":42}},"29":{"start":{"line":65,"column":38},"end":{"line":65,"column":42}},"30":{"start":{"line":67,"column":2},"end":{"line":89,"column":null}},"31":{"start":{"line":68,"column":4},"end":{"line":68,"column":10}},"32":{"start":{"line":75,"column":8},"end":{"line":75,"column":15}},"33":{"start":{"line":76,"column":8},"end":{"line":76,"column":14}},"34":{"start":{"line":80,"column":8},"end":{"line":80,"column":15}},"35":{"start":{"line":82,"column":8},"end":{"line":82,"column":14}},"36":{"start":{"line":88,"column":4},"end":{"line":88,"column":11}},"37":{"start":{"line":91,"column":2},"end":{"line":91,"column":9}},"38":{"start":{"line":94,"column":15},"end":{"line":94,"column":null}}},"fnMap":{"0":{"name":"(anonymous_0)","decl":{"start":{"line":10,"column":16},"end":{"line":10,"column":null}},"loc":{"start":{"line":14,"column":18},"end":{"line":55,"column":null}}},"1":{"name":"(anonymous_1)","decl":{"start":{"line":36,"column":12},"end":{"line":36,"column":21}},"loc":{"start":{"line":36,"column":29},"end":{"line":40,"column":null}}},"2":{"name":"(anonymous_2)","decl":{"start":{"line":41,"column":13},"end":{"line":41,"column":22}},"loc":{"start":{"line":41,"column":27},"end":{"line":46,"column":null}}},"3":{"name":"(anonymous_3)","decl":{"start":{"line":47,"column":15},"end":{"line":47,"column":null}},"loc":{"start":{"line":47,"column":15},"end":{"line":49,"column":null}}},"4":{"name":"(anonymous_4)","decl":{"start":{"line":57,"column":23},"end":{"line":57,"column":null}},"loc":{"start":{"line":61,"column":18},"end":{"line":92,"column":null}}},"5":{"name":"(anonymous_5)","decl":{"start":{"line":73,"column":12},"end":{"line":73,"column":21}},"loc":{"start":{"line":73,"column":29},"end":{"line":77,"column":null}}},"6":{"name":"(anonymous_6)","decl":{"start":{"line":78,"column":13},"end":{"line":78,"column":22}},"loc":{"start":{"line":78,"column":27},"end":{"line":83,"column":null}}},"7":{"name":"(anonymous_7)","decl":{"start":{"line":84,"column":15},"end":{"line":84,"column":null}},"loc":{"start":{"line":84,"column":15},"end":{"line":86,"column":null}}}},"branchMap":{"0":{"loc":{"start":{"line":18,"column":2},"end":{"line":18,"column":45}},"type":"if","locations":[{"start":{"line":18,"column":2},"end":{"line":18,"column":45}},{"start":{"line":18,"column":2},"end":{"line":18,"column":45}}]},"1":{"loc":{"start":{"line":18,"column":6},"end":{"line":18,"column":28}},"type":"binary-expr","locations":[{"start":{"line":18,"column":6},"end":{"line":18,"column":28}},{"start":{"line":18,"column":28},"end":{"line":18,"column":41}}]},"2":{"loc":{"start":{"line":19,"column":2},"end":{"line":19,"column":42}},"type":"if","locations":[{"start":{"line":19,"column":2},"end":{"line":19,"column":42}},{"start":{"line":19,"column":2},"end":{"line":19,"column":42}}]},"3":{"loc":{"start":{"line":23,"column":2},"end":{"line":27,"column":null}},"type":"if","locations":[{"start":{"line":23,"column":2},"end":{"line":27,"column":null}},{"start":{"line":23,"column":2},"end":{"line":27,"column":null}}]},"4":{"loc":{"start":{"line":23,"column":6},"end":{"line":23,"column":27}},"type":"binary-expr","locations":[{"start":{"line":23,"column":6},"end":{"line":23,"column":27}},{"start":{"line":23,"column":37},"end":{"line":23,"column":51}}]},"5":{"loc":{"start":{"line":64,"column":2},"end":{"line":64,"column":45}},"type":"if","locations":[{"start":{"line":64,"column":2},"end":{"line":64,"column":45}},{"start":{"line":64,"column":2},"end":{"line":64,"column":45}}]},"6":{"loc":{"start":{"line":64,"column":6},"end":{"line":64,"column":28}},"type":"binary-expr","locations":[{"start":{"line":64,"column":6},"end":{"line":64,"column":28}},{"start":{"line":64,"column":28},"end":{"line":64,"column":41}}]},"7":{"loc":{"start":{"line":65,"column":2},"end":{"line":65,"column":42}},"type":"if","locations":[{"start":{"line":65,"column":2},"end":{"line":65,"column":42}},{"start":{"line":65,"column":2},"end":{"line":65,"column":42}}]}},"s":{"0":0,"1":0,"2":0,"3":0,"4":0,"5":0,"6":0,"7":0,"8":0,"9":0,"10":0,"11":0,"12":0,"13":0,"14":0,"15":0,"16":0,"17":0,"18":0,"19":0,"20":0,"21":0,"22":0,"23":0,"24":0,"25":0,"26":0,"27":0,"28":0,"29":0,"30":0,"31":0,"32":0,"33":0,"34":0,"35":0,"36":0,"37":0,"38":0},"f":{"0":0,"1":0,"2":0,"3":0,"4":0,"5":0,"6":0,"7":0},"b":{"0":[0,0],"1":[0,0],"2":[0,0],"3":[0,0],"4":[0,0],"5":[0,0],"6":[0,0],"7":[0,0]}}
,"C:\\vueapp\\test\\src\\components\\Example.vue": {"path":"C:\\vueapp\\test\\src\\components\\Example.vue","statementMap":{"0":{"start":{"line":12,"column":0},"end":{"line":12,"column":null}},"1":{"start":{"line":15,"column":0},"end":{"line":15,"column":null}},"2":{"start":{"line":18,"column":0},"end":{"line":18,"column":null}},"3":{"start":{"line":16,"column":0},"end":{"line":16,"column":null}},"4":{"start":{"line":17,"column":0},"end":{"line":17,"column":null}}},"fnMap":{"0":{"name":"(anonymous_1)","decl":{"start":{"line":14,"column":0},"end":{"line":14,"column":null}},"loc":{"start":{"line":14,"column":0},"end":{"line":19,"column":null}}}},"branchMap":{},"s":{"0":0,"1":0,"2":0,"3":0,"4":0},"f":{"0":0},"b":{}}
,"C:\\vueapp\\test\\src\\components\\LocaleSelect\\LocaleSelect.vue": {"path":"C:\\vueapp\\test\\src\\components\\LocaleSelect\\LocaleSelect.vue","statementMap":{"0":{"start":{"line":23,"column":0},"end":{"line":23,"column":null}},"1":{"start":{"line":24,"column":0},"end":{"line":24,"column":null}},"2":{"start":{"line":27,"column":0},"end":{"line":27,"column":null}},"3":{"start":{"line":30,"column":0},"end":{"line":30,"column":null}},"4":{"start":{"line":31,"column":0},"end":{"line":34,"column":null}},"5":{"start":{"line":37,"column":0},"end":{"line":37,"column":null}},"6":{"start":{"line":43,"column":0},"end":{"line":43,"column":null}},"7":{"start":{"line":50,"column":0},"end":{"line":50,"column":null}},"8":{"start":{"line":39,"column":0},"end":{"line":39,"column":null}},"9":{"start":{"line":40,"column":0},"end":{"line":40,"column":null}}},"fnMap":{"0":{"name":"(anonymous_1)","decl":{"start":{"line":29,"column":0},"end":{"line":29,"column":null}},"loc":{"start":{"line":29,"column":0},"end":{"line":52,"column":null}}},"1":{"name":"(anonymous_2)","decl":{"start":{"line":42,"column":0},"end":{"line":42,"column":null}},"loc":{"start":{"line":42,"column":0},"end":{"line":45,"column":null}}},"2":{"name":"(anonymous_3)","decl":{"start":{"line":47,"column":0},"end":{"line":47,"column":null}},"loc":{"start":{"line":47,"column":0},"end":{"line":47,"column":null}}},"3":{"name":"(anonymous_4)","decl":{"start":{"line":49,"column":0},"end":{"line":49,"column":null}},"loc":{"start":{"line":49,"column":0},"end":{"line":51,"column":null}}}},"branchMap":{},"s":{"0":1,"1":1,"2":1,"3":2,"4":3,"5":3,"6":0,"7":3,"8":1,"9":1},"f":{"0":3,"1":0,"2":3,"3":3},"b":{}}
,"C:\\vueapp\\test\\src\\components\\Login\\Login.vue": {"path":"C:\\vueapp\\test\\src\\components\\Login\\Login.vue","statementMap":{"0":{"start":{"line":33,"column":0},"end":{"line":33,"column":null}},"1":{"start":{"line":34,"column":0},"end":{"line":34,"column":null}},"2":{"start":{"line":36,"column":0},"end":{"line":36,"column":null}},"3":{"start":{"line":39,"column":0},"end":{"line":39,"column":null}},"4":{"start":{"line":49,"column":0},"end":{"line":49,"column":null}},"5":{"start":{"line":50,"column":0},"end":{"line":50,"column":null}},"6":{"start":{"line":54,"column":0},"end":{"line":54,"column":null}},"7":{"start":{"line":58,"column":0},"end":{"line":58,"column":null}},"8":{"start":{"line":63,"column":0},"end":{"line":63,"column":null}},"9":{"start":{"line":67,"column":0},"end":{"line":67,"column":null}},"10":{"start":{"line":74,"column":0},"end":{"line":74,"column":null}},"11":{"start":{"line":78,"column":0},"end":{"line":78,"column":null}},"12":{"start":{"line":83,"column":0},"end":{"line":83,"column":null}},"13":{"start":{"line":85,"column":0},"end":{"line":91,"column":null}},"14":{"start":{"line":86,"column":0},"end":{"line":86,"column":null}},"15":{"start":{"line":87,"column":0},"end":{"line":87,"column":null}},"16":{"start":{"line":88,"column":0},"end":{"line":91,"column":null}},"17":{"start":{"line":89,"column":0},"end":{"line":89,"column":null}},"18":{"start":{"line":90,"column":0},"end":{"line":90,"column":null}},"19":{"start":{"line":92,"column":0},"end":{"line":92,"column":null}},"20":{"start":{"line":51,"column":0},"end":{"line":51,"column":null}},"21":{"start":{"line":70,"column":0},"end":{"line":70,"column":null}},"22":{"start":{"line":71,"column":0},"end":{"line":71,"column":null}},"23":{"start":{"line":49,"column":0},"end":{"line":41,"column":null}}},"fnMap":{"0":{"name":"(anonymous_1)","decl":{"start":{"line":41,"column":0},"end":{"line":41,"column":null}},"loc":{"start":{"line":41,"column":0},"end":{"line":95,"column":null}}},"1":{"name":"(anonymous_2)","decl":{"start":{"line":53,"column":0},"end":{"line":53,"column":null}},"loc":{"start":{"line":53,"column":0},"end":{"line":55,"column":null}}},"2":{"name":"(anonymous_3)","decl":{"start":{"line":57,"column":0},"end":{"line":57,"column":null}},"loc":{"start":{"line":57,"column":0},"end":{"line":60,"column":null}}},"3":{"name":"(anonymous_4)","decl":{"start":{"line":62,"column":0},"end":{"line":62,"column":null}},"loc":{"start":{"line":62,"column":0},"end":{"line":64,"column":null}}},"4":{"name":"(anonymous_5)","decl":{"start":{"line":66,"column":0},"end":{"line":66,"column":null}},"loc":{"start":{"line":66,"column":0},"end":{"line":68,"column":null}}},"5":{"name":"(anonymous_6)","decl":{"start":{"line":73,"column":0},"end":{"line":73,"column":null}},"loc":{"start":{"line":73,"column":0},"end":{"line":75,"column":null}}},"6":{"name":"(anonymous_7)","decl":{"start":{"line":77,"column":0},"end":{"line":77,"column":null}},"loc":{"start":{"line":77,"column":0},"end":{"line":94,"column":null}}}},"branchMap":{"0":{"loc":{"start":{"line":85,"column":0},"end":{"line":91,"column":null}},"type":"if","locations":[{"start":{"line":85,"column":0},"end":{"line":91,"column":null}},{"start":{"line":85,"column":0},"end":{"line":91,"column":null}}]},"1":{"loc":{"start":{"line":88,"column":0},"end":{"line":91,"column":null}},"type":"if","locations":[{"start":{"line":88,"column":0},"end":{"line":91,"column":null}},{"start":{"line":88,"column":0},"end":{"line":91,"column":null}}]},"2":{"loc":{"start":{"line":92,"column":0},"end":{"line":92,"column":null}},"type":"if","locations":[{"start":{"line":92,"column":0},"end":{"line":92,"column":null}},{"start":{"line":92,"column":0},"end":{"line":92,"column":null}}]},"3":{"loc":{"start":{"line":51,"column":0},"end":{"line":51,"column":null}},"type":"cond-expr","locations":[{"start":{"line":51,"column":0},"end":{"line":51,"column":null}},{"start":{"line":51,"column":0},"end":{"line":51,"column":null}}]}},"s":{"0":0,"1":0,"2":0,"3":0,"4":0,"5":0,"6":0,"7":0,"8":0,"9":0,"10":0,"11":0,"12":0,"13":0,"14":0,"15":0,"16":0,"17":0,"18":0,"19":0,"20":0,"21":0,"22":0,"23":0},"f":{"0":0,"1":0,"2":0,"3":0,"4":0,"5":0,"6":0},"b":{"0":[0,0],"1":[0,0],"2":[0,0],"3":[0,0]}}
,"C:\\vueapp\\test\\src\\layout\\DefaultLayout.vue": {"path":"C:\\vueapp\\test\\src\\layout\\DefaultLayout.vue","statementMap":{"0":{"start":{"line":16,"column":0},"end":{"line":16,"column":null}},"1":{"start":{"line":17,"column":0},"end":{"line":17,"column":null}},"2":{"start":{"line":18,"column":0},"end":{"line":18,"column":null}},"3":{"start":{"line":19,"column":0},"end":{"line":19,"column":null}},"4":{"start":{"line":20,"column":0},"end":{"line":20,"column":null}},"5":{"start":{"line":30,"column":0},"end":{"line":30,"column":null}},"6":{"start":{"line":31,"column":0},"end":{"line":31,"column":null}},"7":{"start":{"line":34,"column":0},"end":{"line":34,"column":null}},"8":{"start":{"line":38,"column":0},"end":{"line":38,"column":null}},"9":{"start":{"line":52,"column":0},"end":{"line":52,"column":null}},"10":{"start":{"line":30,"column":0},"end":{"line":22,"column":null}}},"fnMap":{"0":{"name":"(anonymous_1)","decl":{"start":{"line":22,"column":0},"end":{"line":22,"column":null}},"loc":{"start":{"line":22,"column":0},"end":{"line":60,"column":null}}},"1":{"name":"(anonymous_2)","decl":{"start":{"line":33,"column":0},"end":{"line":33,"column":null}},"loc":{"start":{"line":33,"column":0},"end":{"line":35,"column":null}}},"2":{"name":"(anonymous_3)","decl":{"start":{"line":37,"column":0},"end":{"line":37,"column":null}},"loc":{"start":{"line":37,"column":0},"end":{"line":39,"column":null}}},"3":{"name":"(anonymous_4)","decl":{"start":{"line":42,"column":0},"end":{"line":42,"column":null}},"loc":{"start":{"line":42,"column":0},"end":{"line":42,"column":null}}},"4":{"name":"(anonymous_5)","decl":{"start":{"line":45,"column":0},"end":{"line":45,"column":null}},"loc":{"start":{"line":45,"column":0},"end":{"line":45,"column":null}}},"5":{"name":"(anonymous_6)","decl":{"start":{"line":48,"column":0},"end":{"line":48,"column":null}},"loc":{"start":{"line":48,"column":0},"end":{"line":48,"column":null}}},"6":{"name":"(anonymous_7)","decl":{"start":{"line":51,"column":0},"end":{"line":51,"column":null}},"loc":{"start":{"line":51,"column":0},"end":{"line":53,"column":null}}},"7":{"name":"(anonymous_8)","decl":{"start":{"line":56,"column":0},"end":{"line":56,"column":null}},"loc":{"start":{"line":56,"column":0},"end":{"line":56,"column":null}}},"8":{"name":"(anonymous_9)","decl":{"start":{"line":59,"column":0},"end":{"line":59,"column":null}},"loc":{"start":{"line":59,"column":0},"end":{"line":59,"column":null}}}},"branchMap":{},"s":{"0":0,"1":0,"2":0,"3":0,"4":0,"5":0,"6":0,"7":0,"8":0,"9":0,"10":0},"f":{"0":0,"1":0,"2":0,"3":0,"4":0,"5":0,"6":0,"7":0,"8":0},"b":{}}
,"C:\\vueapp\\test\\src\\layout\\components\\Main\\MainFooter.vue": {"path":"C:\\vueapp\\test\\src\\layout\\components\\Main\\MainFooter.vue","statementMap":{"0":{"start":{"line":8,"column":0},"end":{"line":8,"column":null}},"1":{"start":{"line":11,"column":0},"end":{"line":11,"column":null}}},"fnMap":{"0":{"name":"(anonymous_1)","decl":{"start":{"line":12,"column":0},"end":{"line":12,"column":null}},"loc":{"start":{"line":12,"column":0},"end":{"line":14,"column":null}}}},"branchMap":{},"s":{"0":0,"1":0},"f":{"0":0},"b":{}}
,"C:\\vueapp\\test\\src\\layout\\components\\Main\\MainHeader.vue": {"path":"C:\\vueapp\\test\\src\\layout\\components\\Main\\MainHeader.vue","statementMap":{"0":{"start":{"line":31,"column":0},"end":{"line":31,"column":null}},"1":{"start":{"line":32,"column":0},"end":{"line":32,"column":null}},"2":{"start":{"line":33,"column":0},"end":{"line":33,"column":null}},"3":{"start":{"line":34,"column":0},"end":{"line":34,"column":null}},"4":{"start":{"line":36,"column":0},"end":{"line":36,"column":null}},"5":{"start":{"line":43,"column":0},"end":{"line":43,"column":null}},"6":{"start":{"line":49,"column":0},"end":{"line":49,"column":null}},"7":{"start":{"line":57,"column":0},"end":{"line":57,"column":null}},"8":{"start":{"line":65,"column":0},"end":{"line":65,"column":null}},"9":{"start":{"line":69,"column":0},"end":{"line":69,"column":null}},"10":{"start":{"line":44,"column":0},"end":{"line":44,"column":null}},"11":{"start":{"line":46,"column":0},"end":{"line":46,"column":null}},"12":{"start":{"line":60,"column":0},"end":{"line":60,"column":null}},"13":{"start":{"line":62,"column":0},"end":{"line":62,"column":null}},"14":{"start":{"line":43,"column":0},"end":{"line":38,"column":null}}},"fnMap":{"0":{"name":"(anonymous_1)","decl":{"start":{"line":48,"column":0},"end":{"line":48,"column":null}},"loc":{"start":{"line":48,"column":0},"end":{"line":50,"column":null}}},"1":{"name":"(anonymous_2)","decl":{"start":{"line":56,"column":0},"end":{"line":56,"column":null}},"loc":{"start":{"line":56,"column":0},"end":{"line":58,"column":null}}},"2":{"name":"(anonymous_3)","decl":{"start":{"line":64,"column":0},"end":{"line":64,"column":null}},"loc":{"start":{"line":64,"column":0},"end":{"line":66,"column":null}}},"3":{"name":"(anonymous_4)","decl":{"start":{"line":68,"column":0},"end":{"line":68,"column":null}},"loc":{"start":{"line":68,"column":0},"end":{"line":70,"column":null}}},"4":{"name":"(anonymous_5)","decl":{"start":{"line":72,"column":0},"end":{"line":72,"column":null}},"loc":{"start":{"line":72,"column":0},"end":{"line":74,"column":null}}}},"branchMap":{"0":{"loc":{"start":{"line":44,"column":0},"end":{"line":44,"column":null}},"type":"cond-expr","locations":[{"start":{"line":44,"column":0},"end":{"line":44,"column":null}},{"start":{"line":44,"column":0},"end":{"line":44,"column":null}}]}},"s":{"0":0,"1":0,"2":0,"3":0,"4":0,"5":0,"6":0,"7":0,"8":0,"9":0,"10":0,"11":0,"12":0,"13":0,"14":0},"f":{"0":0,"1":0,"2":0,"3":0,"4":0},"b":{"0":[0,0]}}
,"C:\\vueapp\\test\\src\\layout\\components\\Main\\MainNavi.vue": {"path":"C:\\vueapp\\test\\src\\layout\\components\\Main\\MainNavi.vue","statementMap":{"0":{"start":{"line":10,"column":0},"end":{"line":10,"column":null}},"1":{"start":{"line":11,"column":0},"end":{"line":11,"column":null}},"2":{"start":{"line":12,"column":0},"end":{"line":12,"column":null}},"3":{"start":{"line":13,"column":0},"end":{"line":13,"column":null}},"4":{"start":{"line":20,"column":0},"end":{"line":20,"column":null}},"5":{"start":{"line":27,"column":0},"end":{"line":27,"column":null}},"6":{"start":{"line":21,"column":0},"end":{"line":21,"column":null}},"7":{"start":{"line":22,"column":0},"end":{"line":22,"column":null}},"8":{"start":{"line":24,"column":0},"end":{"line":24,"column":null}},"9":{"start":{"line":20,"column":0},"end":{"line":15,"column":null}}},"fnMap":{"0":{"name":"(anonymous_1)","decl":{"start":{"line":26,"column":0},"end":{"line":26,"column":null}},"loc":{"start":{"line":26,"column":0},"end":{"line":28,"column":null}}},"1":{"name":"(anonymous_2)","decl":{"start":{"line":30,"column":0},"end":{"line":30,"column":null}},"loc":{"start":{"line":30,"column":0},"end":{"line":32,"column":null}}}},"branchMap":{"0":{"loc":{"start":{"line":24,"column":0},"end":{"line":24,"column":null}},"type":"cond-expr","locations":[{"start":{"line":24,"column":0},"end":{"line":24,"column":null}},{"start":{"line":24,"column":0},"end":{"line":24,"column":null}}]}},"s":{"0":0,"1":0,"2":0,"3":0,"4":0,"5":0,"6":0,"7":0,"8":0,"9":0},"f":{"0":0,"1":0},"b":{"0":[0,0]}}
,"C:\\vueapp\\test\\src\\layout\\components\\Main\\MainNaviList.vue": {"path":"C:\\vueapp\\test\\src\\layout\\components\\Main\\MainNaviList.vue","statementMap":{"0":{"start":{"line":13,"column":0},"end":{"line":13,"column":null}},"1":{"start":{"line":16,"column":0},"end":{"line":16,"column":null}},"2":{"start":{"line":17,"column":0},"end":{"line":17,"column":null}},"3":{"start":{"line":19,"column":0},"end":{"line":19,"column":null}}},"fnMap":{"0":{"name":"(anonymous_1)","decl":{"start":{"line":15,"column":0},"end":{"line":15,"column":null}},"loc":{"start":{"line":15,"column":0},"end":{"line":24,"column":null}}},"1":{"name":"(anonymous_2)","decl":{"start":{"line":21,"column":0},"end":{"line":21,"column":null}},"loc":{"start":{"line":21,"column":0},"end":{"line":23,"column":null}}}},"branchMap":{},"s":{"0":0,"1":0,"2":0,"3":0},"f":{"0":0,"1":0},"b":{}}
,"C:\\vueapp\\test\\src\\layout\\components\\Main\\MainProgress.vue": {"path":"C:\\vueapp\\test\\src\\layout\\components\\Main\\MainProgress.vue","statementMap":{"0":{"start":{"line":12,"column":0},"end":{"line":12,"column":null}},"1":{"start":{"line":15,"column":0},"end":{"line":15,"column":null}},"2":{"start":{"line":16,"column":0},"end":{"line":16,"column":null}},"3":{"start":{"line":17,"column":0},"end":{"line":17,"column":null}},"4":{"start":{"line":18,"column":0},"end":{"line":18,"column":null}},"5":{"start":{"line":21,"column":0},"end":{"line":21,"column":null}},"6":{"start":{"line":25,"column":0},"end":{"line":25,"column":null}},"7":{"start":{"line":29,"column":0},"end":{"line":29,"column":null}},"8":{"start":{"line":31,"column":0},"end":{"line":34,"column":null}},"9":{"start":{"line":32,"column":0},"end":{"line":32,"column":null}},"10":{"start":{"line":33,"column":0},"end":{"line":33,"column":null}}},"fnMap":{"0":{"name":"(anonymous_1)","decl":{"start":{"line":14,"column":0},"end":{"line":14,"column":null}},"loc":{"start":{"line":14,"column":0},"end":{"line":36,"column":null}}},"1":{"name":"(anonymous_2)","decl":{"start":{"line":20,"column":0},"end":{"line":20,"column":null}},"loc":{"start":{"line":20,"column":0},"end":{"line":22,"column":null}}},"2":{"name":"(anonymous_3)","decl":{"start":{"line":24,"column":0},"end":{"line":24,"column":null}},"loc":{"start":{"line":24,"column":0},"end":{"line":26,"column":null}}},"3":{"name":"(anonymous_4)","decl":{"start":{"line":28,"column":0},"end":{"line":28,"column":null}},"loc":{"start":{"line":28,"column":0},"end":{"line":35,"column":null}}},"4":{"name":"(anonymous_5)","decl":{"start":{"line":31,"column":0},"end":{"line":31,"column":null}},"loc":{"start":{"line":31,"column":0},"end":{"line":34,"column":null}}}},"branchMap":{},"s":{"0":0,"1":0,"2":0,"3":0,"4":0,"5":0,"6":0,"7":0,"8":0,"9":0,"10":0},"f":{"0":0,"1":0,"2":0,"3":0,"4":0},"b":{}}
,"C:\\vueapp\\test\\src\\locale\\index.ts": {"path":"C:\\vueapp\\test\\src\\locale\\index.ts","statementMap":{"0":{"start":{"line":1,"column":0},"end":{"line":1,"column":null}},"1":{"start":{"line":2,"column":0},"end":{"line":2,"column":null}},"2":{"start":{"line":3,"column":0},"end":{"line":3,"column":null}},"3":{"start":{"line":5,"column":0},"end":{"line":5,"column":4}},"4":{"start":{"line":7,"column":13},"end":{"line":7,"column":17}},"5":{"start":{"line":12,"column":15},"end":{"line":12,"column":null}}},"fnMap":{},"branchMap":{},"s":{"0":1,"1":1,"2":1,"3":1,"4":1,"5":1},"f":{},"b":{}}
,"C:\\vueapp\\test\\src\\locale\\messages.ts": {"path":"C:\\vueapp\\test\\src\\locale\\messages.ts","statementMap":{"0":{"start":{"line":1,"column":17},"end":{"line":1,"column":null}},"1":{"start":{"line":25,"column":15},"end":{"line":25,"column":null}}},"fnMap":{},"branchMap":{},"s":{"0":1,"1":1},"f":{},"b":{}}
,"C:\\vueapp\\test\\src\\plugins\\vuetify.ts": {"path":"C:\\vueapp\\test\\src\\plugins\\vuetify.ts","statementMap":{"0":{"start":{"line":1,"column":0},"end":{"line":1,"column":null}},"1":{"start":{"line":2,"column":0},"end":{"line":2,"column":null}},"2":{"start":{"line":4,"column":0},"end":{"line":4,"column":4}},"3":{"start":{"line":6,"column":15},"end":{"line":6,"column":19}}},"fnMap":{},"branchMap":{},"s":{"0":0,"1":0,"2":0,"3":0},"f":{},"b":{}}
,"C:\\vueapp\\test\\src\\router\\index.ts": {"path":"C:\\vueapp\\test\\src\\router\\index.ts","statementMap":{"0":{"start":{"line":1,"column":0},"end":{"line":1,"column":null}},"1":{"start":{"line":2,"column":0},"end":{"line":2,"column":null}},"2":{"start":{"line":3,"column":0},"end":{"line":3,"column":null}},"3":{"start":{"line":4,"column":0},"end":{"line":4,"column":null}},"4":{"start":{"line":5,"column":0},"end":{"line":5,"column":null}},"5":{"start":{"line":7,"column":0},"end":{"line":7,"column":4}},"6":{"start":{"line":9,"column":18},"end":{"line":9,"column":36}},"7":{"start":{"line":11,"column":32},"end":{"line":11,"column":null}},"8":{"start":{"line":18,"column":30},"end":{"line":18,"column":null}},"9":{"start":{"line":25,"column":33},"end":{"line":25,"column":null}},"10":{"start":{"line":30,"column":30},"end":{"line":30,"column":31}},"11":{"start":{"line":32,"column":20},"end":{"line":32,"column":24}},"12":{"start":{"line":38,"column":0},"end":{"line":38,"column":6}},"13":{"start":{"line":39,"column":19},"end":{"line":39,"column":25}},"14":{"start":{"line":42,"column":2},"end":{"line":48,"column":null}},"15":{"start":{"line":43,"column":4},"end":{"line":43,"column":8}},"16":{"start":{"line":44,"column":9},"end":{"line":48,"column":null}},"17":{"start":{"line":45,"column":4},"end":{"line":45,"column":8}},"18":{"start":{"line":47,"column":4},"end":{"line":47,"column":null}},"19":{"start":{"line":51,"column":15},"end":{"line":51,"column":null}}},"fnMap":{"0":{"name":"(anonymous_0)","decl":{"start":{"line":9,"column":18},"end":{"line":9,"column":36}},"loc":{"start":{"line":9,"column":18},"end":{"line":9,"column":36}}},"1":{"name":"(anonymous_2)","decl":{"start":{"line":38,"column":18},"end":{"line":38,"column":27}},"loc":{"start":{"line":38,"column":60},"end":{"line":49,"column":null}}}},"branchMap":{"0":{"loc":{"start":{"line":42,"column":2},"end":{"line":48,"column":null}},"type":"if","locations":[{"start":{"line":42,"column":2},"end":{"line":48,"column":null}},{"start":{"line":42,"column":2},"end":{"line":48,"column":null}}]},"1":{"loc":{"start":{"line":42,"column":6},"end":{"line":42,"column":29}},"type":"binary-expr","locations":[{"start":{"line":42,"column":6},"end":{"line":42,"column":29}},{"start":{"line":42,"column":29},"end":{"line":42,"column":39}}]},"2":{"loc":{"start":{"line":44,"column":9},"end":{"line":48,"column":null}},"type":"if","locations":[{"start":{"line":44,"column":9},"end":{"line":48,"column":null}},{"start":{"line":44,"column":9},"end":{"line":48,"column":null}}]},"3":{"loc":{"start":{"line":44,"column":13},"end":{"line":44,"column":36}},"type":"binary-expr","locations":[{"start":{"line":44,"column":13},"end":{"line":44,"column":36}},{"start":{"line":44,"column":36},"end":{"line":44,"column":47}}]}},"s":{"0":0,"1":0,"2":0,"3":0,"4":0,"5":0,"6":0,"7":0,"8":0,"9":0,"10":0,"11":0,"12":0,"13":0,"14":0,"15":0,"16":0,"17":0,"18":0,"19":0},"f":{"0":0,"1":0},"b":{"0":[0,0],"1":[0,0],"2":[0,0],"3":[0,0]}}
,"C:\\vueapp\\test\\src\\router\\menuList.ts": {"path":"C:\\vueapp\\test\\src\\router\\menuList.ts","statementMap":{"0":{"start":{"line":3,"column":13},"end":{"line":3,"column":31}},"1":{"start":{"line":5,"column":32},"end":{"line":5,"column":null}},"2":{"start":{"line":13,"column":15},"end":{"line":13,"column":null}}},"fnMap":{"0":{"name":"(anonymous_0)","decl":{"start":{"line":3,"column":13},"end":{"line":3,"column":31}},"loc":{"start":{"line":3,"column":13},"end":{"line":3,"column":31}}}},"branchMap":{},"s":{"0":0,"1":0,"2":0},"f":{"0":0},"b":{}}
,"C:\\vueapp\\test\\src\\store\\index.ts": {"path":"C:\\vueapp\\test\\src\\store\\index.ts","statementMap":{"0":{"start":{"line":1,"column":0},"end":{"line":1,"column":null}},"1":{"start":{"line":2,"column":0},"end":{"line":2,"column":null}},"2":{"start":{"line":3,"column":0},"end":{"line":3,"column":null}},"3":{"start":{"line":6,"column":0},"end":{"line":6,"column":4}},"4":{"start":{"line":12,"column":14},"end":{"line":12,"column":null}},"5":{"start":{"line":16,"column":18},"end":{"line":16,"column":null}},"6":{"start":{"line":18,"column":16},"end":{"line":18,"column":null}},"7":{"start":{"line":20,"column":39},"end":{"line":20,"column":null}},"8":{"start":{"line":30,"column":15},"end":{"line":30,"column":19}}},"fnMap":{},"branchMap":{},"s":{"0":0,"1":0,"2":0,"3":0,"4":0,"5":0,"6":0,"7":0,"8":0},"f":{},"b":{}}
,"C:\\vueapp\\test\\src\\store\\modules\\Login\\actions.ts": {"path":"C:\\vueapp\\test\\src\\store\\modules\\Login\\actions.ts","statementMap":{"0":{"start":{"line":4,"column":0},"end":{"line":4,"column":null}},"1":{"start":{"line":5,"column":0},"end":{"line":5,"column":null}},"2":{"start":{"line":7,"column":53},"end":{"line":7,"column":null}},"3":{"start":{"line":9,"column":4},"end":{"line":47,"column":null}},"4":{"start":{"line":10,"column":18},"end":{"line":10,"column":null}},"5":{"start":{"line":11,"column":21},"end":{"line":11,"column":null}},"6":{"start":{"line":12,"column":24},"end":{"line":12,"column":null}},"7":{"start":{"line":14,"column":6},"end":{"line":17,"column":null}},"8":{"start":{"line":15,"column":8},"end":{"line":15,"column":13}},"9":{"start":{"line":16,"column":8},"end":{"line":16,"column":16}},"10":{"start":{"line":19,"column":6},"end":{"line":31,"column":null}},"11":{"start":{"line":20,"column":8},"end":{"line":20,"column":14}},"12":{"start":{"line":22,"column":8},"end":{"line":28,"column":null}},"13":{"start":{"line":26,"column":10},"end":{"line":26,"column":15}},"14":{"start":{"line":27,"column":10},"end":{"line":27,"column":18}},"15":{"start":{"line":30,"column":8},"end":{"line":30,"column":14}},"16":{"start":{"line":33,"column":6},"end":{"line":38,"column":null}},"17":{"start":{"line":35,"column":8},"end":{"line":35,"column":14}},"18":{"start":{"line":36,"column":18},"end":{"line":36,"column":null}},"19":{"start":{"line":37,"column":8},"end":{"line":37,"column":14}},"20":{"start":{"line":40,"column":6},"end":{"line":44,"column":null}},"21":{"start":{"line":41,"column":8},"end":{"line":41,"column":14}},"22":{"start":{"line":43,"column":8},"end":{"line":43,"column":14}},"23":{"start":{"line":46,"column":6},"end":{"line":46,"column":13}},"24":{"start":{"line":51,"column":16},"end":{"line":51,"column":28}},"25":{"start":{"line":52,"column":19},"end":{"line":52,"column":null}},"26":{"start":{"line":53,"column":22},"end":{"line":53,"column":null}},"27":{"start":{"line":55,"column":4},"end":{"line":57,"column":null}},"28":{"start":{"line":56,"column":6},"end":{"line":56,"column":14}},"29":{"start":{"line":59,"column":4},"end":{"line":64,"column":null}},"30":{"start":{"line":61,"column":6},"end":{"line":61,"column":12}},"31":{"start":{"line":62,"column":16},"end":{"line":62,"column":null}},"32":{"start":{"line":63,"column":6},"end":{"line":63,"column":12}},"33":{"start":{"line":66,"column":4},"end":{"line":68,"column":null}},"34":{"start":{"line":67,"column":6},"end":{"line":67,"column":12}},"35":{"start":{"line":71,"column":4},"end":{"line":71,"column":10}},"36":{"start":{"line":74,"column":4},"end":{"line":74,"column":10}},"37":{"start":{"line":77,"column":4},"end":{"line":77,"column":10}}},"fnMap":{"0":{"name":"(anonymous_0)","decl":{"start":{"line":8,"column":2},"end":{"line":8,"column":8}},"loc":{"start":{"line":8,"column":40},"end":{"line":48,"column":null}}},"1":{"name":"(anonymous_1)","decl":{"start":{"line":50,"column":2},"end":{"line":50,"column":8}},"loc":{"start":{"line":50,"column":32},"end":{"line":69,"column":null}}},"2":{"name":"(anonymous_2)","decl":{"start":{"line":70,"column":2},"end":{"line":70,"column":14}},"loc":{"start":{"line":70,"column":25},"end":{"line":72,"column":null}}},"3":{"name":"(anonymous_3)","decl":{"start":{"line":73,"column":2},"end":{"line":73,"column":13}},"loc":{"start":{"line":73,"column":35},"end":{"line":75,"column":null}}},"4":{"name":"(anonymous_4)","decl":{"start":{"line":76,"column":2},"end":{"line":76,"column":11}},"loc":{"start":{"line":76,"column":33},"end":{"line":78,"column":null}}}},"branchMap":{"0":{"loc":{"start":{"line":14,"column":6},"end":{"line":17,"column":null}},"type":"if","locations":[{"start":{"line":14,"column":6},"end":{"line":17,"column":null}},{"start":{"line":14,"column":6},"end":{"line":17,"column":null}}]},"1":{"loc":{"start":{"line":19,"column":6},"end":{"line":31,"column":null}},"type":"if","locations":[{"start":{"line":19,"column":6},"end":{"line":31,"column":null}},{"start":{"line":19,"column":6},"end":{"line":31,"column":null}}]},"2":{"loc":{"start":{"line":22,"column":8},"end":{"line":28,"column":null}},"type":"if","locations":[{"start":{"line":22,"column":8},"end":{"line":28,"column":null}},{"start":{"line":22,"column":8},"end":{"line":28,"column":null}}]},"3":{"loc":{"start":{"line":23,"column":10},"end":{"line":23,"column":31}},"type":"binary-expr","locations":[{"start":{"line":23,"column":10},"end":{"line":23,"column":31}},{"start":{"line":24,"column":10},"end":{"line":24,"column":null}}]},"4":{"loc":{"start":{"line":33,"column":6},"end":{"line":38,"column":null}},"type":"if","locations":[{"start":{"line":33,"column":6},"end":{"line":38,"column":null}},{"start":{"line":33,"column":6},"end":{"line":38,"column":null}}]},"5":{"loc":{"start":{"line":40,"column":6},"end":{"line":44,"column":null}},"type":"if","locations":[{"start":{"line":40,"column":6},"end":{"line":44,"column":null}},{"start":{"line":40,"column":6},"end":{"line":44,"column":null}}]},"6":{"loc":{"start":{"line":40,"column":10},"end":{"line":40,"column":31}},"type":"binary-expr","locations":[{"start":{"line":40,"column":10},"end":{"line":40,"column":31}},{"start":{"line":40,"column":42},"end":{"line":40,"column":63}}]},"7":{"loc":{"start":{"line":55,"column":4},"end":{"line":57,"column":null}},"type":"if","locations":[{"start":{"line":55,"column":4},"end":{"line":57,"column":null}},{"start":{"line":55,"column":4},"end":{"line":57,"column":null}}]},"8":{"loc":{"start":{"line":59,"column":4},"end":{"line":64,"column":null}},"type":"if","locations":[{"start":{"line":59,"column":4},"end":{"line":64,"column":null}},{"start":{"line":59,"column":4},"end":{"line":64,"column":null}}]},"9":{"loc":{"start":{"line":66,"column":4},"end":{"line":68,"column":null}},"type":"if","locations":[{"start":{"line":66,"column":4},"end":{"line":68,"column":null}},{"start":{"line":66,"column":4},"end":{"line":68,"column":null}}]},"10":{"loc":{"start":{"line":66,"column":8},"end":{"line":66,"column":29}},"type":"binary-expr","locations":[{"start":{"line":66,"column":8},"end":{"line":66,"column":29}},{"start":{"line":66,"column":40},"end":{"line":66,"column":61}}]}},"s":{"0":0,"1":0,"2":0,"3":0,"4":0,"5":0,"6":0,"7":0,"8":0,"9":0,"10":0,"11":0,"12":0,"13":0,"14":0,"15":0,"16":0,"17":0,"18":0,"19":0,"20":0,"21":0,"22":0,"23":0,"24":0,"25":0,"26":0,"27":0,"28":0,"29":0,"30":0,"31":0,"32":0,"33":0,"34":0,"35":0,"36":0,"37":0},"f":{"0":0,"1":0,"2":0,"3":0,"4":0},"b":{"0":[0,0],"1":[0,0],"2":[0,0],"3":[0,0],"4":[0,0],"5":[0,0],"6":[0,0],"7":[0,0],"8":[0,0],"9":[0,0],"10":[0,0]}}
,"C:\\vueapp\\test\\src\\store\\modules\\Login\\getters.ts": {"path":"C:\\vueapp\\test\\src\\store\\modules\\Login\\getters.ts","statementMap":{"0":{"start":{"line":5,"column":53},"end":{"line":5,"column":null}},"1":{"start":{"line":6,"column":38},"end":{"line":6,"column":null}},"2":{"start":{"line":7,"column":38},"end":{"line":7,"column":null}},"3":{"start":{"line":8,"column":38},"end":{"line":8,"column":null}},"4":{"start":{"line":9,"column":40},"end":{"line":9,"column":null}},"5":{"start":{"line":10,"column":39},"end":{"line":10,"column":null}}},"fnMap":{"0":{"name":"(anonymous_0)","decl":{"start":{"line":6,"column":13},"end":{"line":6,"column":38}},"loc":{"start":{"line":6,"column":38},"end":{"line":6,"column":null}}},"1":{"name":"(anonymous_1)","decl":{"start":{"line":7,"column":12},"end":{"line":7,"column":38}},"loc":{"start":{"line":7,"column":38},"end":{"line":7,"column":null}}},"2":{"name":"(anonymous_2)","decl":{"start":{"line":8,"column":13},"end":{"line":8,"column":38}},"loc":{"start":{"line":8,"column":38},"end":{"line":8,"column":null}}},"3":{"name":"(anonymous_3)","decl":{"start":{"line":9,"column":15},"end":{"line":9,"column":40}},"loc":{"start":{"line":9,"column":40},"end":{"line":9,"column":null}}},"4":{"name":"(anonymous_4)","decl":{"start":{"line":10,"column":14},"end":{"line":10,"column":39}},"loc":{"start":{"line":10,"column":39},"end":{"line":10,"column":null}}}},"branchMap":{"0":{"loc":{"start":{"line":6,"column":41},"end":{"line":6,"column":59}},"type":"binary-expr","locations":[{"start":{"line":6,"column":41},"end":{"line":6,"column":59}},{"start":{"line":6,"column":59},"end":{"line":6,"column":61}}]}},"s":{"0":0,"1":0,"2":0,"3":0,"4":0,"5":0},"f":{"0":0,"1":0,"2":0,"3":0,"4":0},"b":{"0":[0,0]}}
,"C:\\vueapp\\test\\src\\store\\modules\\Login\\index.ts": {"path":"C:\\vueapp\\test\\src\\store\\modules\\Login\\index.ts","statementMap":{"0":{"start":{"line":2,"column":0},"end":{"line":2,"column":null}},"1":{"start":{"line":3,"column":0},"end":{"line":3,"column":null}},"2":{"start":{"line":4,"column":0},"end":{"line":4,"column":null}},"3":{"start":{"line":9,"column":13},"end":{"line":9,"column":null}},"4":{"start":{"line":17,"column":28},"end":{"line":17,"column":null}},"5":{"start":{"line":29,"column":19},"end":{"line":29,"column":null}},"6":{"start":{"line":31,"column":47},"end":{"line":31,"column":null}}},"fnMap":{},"branchMap":{},"s":{"0":0,"1":0,"2":0,"3":0,"4":0,"5":0,"6":0},"f":{},"b":{}}
,"C:\\vueapp\\test\\src\\store\\modules\\Login\\mutations.ts": {"path":"C:\\vueapp\\test\\src\\store\\modules\\Login\\mutations.ts","statementMap":{"0":{"start":{"line":3,"column":0},"end":{"line":3,"column":null}},"1":{"start":{"line":4,"column":0},"end":{"line":4,"column":null}},"2":{"start":{"line":6,"column":46},"end":{"line":6,"column":null}},"3":{"start":{"line":8,"column":4},"end":{"line":8,"column":9}},"4":{"start":{"line":9,"column":4},"end":{"line":9,"column":9}},"5":{"start":{"line":10,"column":4},"end":{"line":10,"column":9}},"6":{"start":{"line":12,"column":4},"end":{"line":12,"column":11}},"7":{"start":{"line":16,"column":4},"end":{"line":16,"column":9}},"8":{"start":{"line":17,"column":4},"end":{"line":17,"column":9}},"9":{"start":{"line":18,"column":4},"end":{"line":18,"column":9}},"10":{"start":{"line":19,"column":4},"end":{"line":19,"column":9}},"11":{"start":{"line":20,"column":4},"end":{"line":20,"column":16}},"12":{"start":{"line":24,"column":4},"end":{"line":24,"column":9}},"13":{"start":{"line":25,"column":4},"end":{"line":25,"column":9}},"14":{"start":{"line":26,"column":4},"end":{"line":26,"column":9}},"15":{"start":{"line":27,"column":4},"end":{"line":27,"column":9}},"16":{"start":{"line":28,"column":4},"end":{"line":28,"column":16}},"17":{"start":{"line":30,"column":4},"end":{"line":30,"column":11}},"18":{"start":{"line":33,"column":4},"end":{"line":33,"column":9}},"19":{"start":{"line":36,"column":4},"end":{"line":36,"column":16}},"20":{"start":{"line":37,"column":4},"end":{"line":37,"column":9}},"21":{"start":{"line":40,"column":4},"end":{"line":40,"column":9}},"22":{"start":{"line":43,"column":4},"end":{"line":43,"column":9}},"23":{"start":{"line":46,"column":4},"end":{"line":46,"column":9}},"24":{"start":{"line":47,"column":4},"end":{"line":47,"column":9}}},"fnMap":{"0":{"name":"(anonymous_0)","decl":{"start":{"line":7,"column":16},"end":{"line":7,"column":17}},"loc":{"start":{"line":7,"column":52},"end":{"line":13,"column":null}}},"1":{"name":"(anonymous_1)","decl":{"start":{"line":15,"column":15},"end":{"line":15,"column":36}},"loc":{"start":{"line":15,"column":36},"end":{"line":21,"column":null}}},"2":{"name":"(anonymous_2)","decl":{"start":{"line":23,"column":11},"end":{"line":23,"column":32}},"loc":{"start":{"line":23,"column":32},"end":{"line":31,"column":null}}},"3":{"name":"(anonymous_3)","decl":{"start":{"line":32,"column":16},"end":{"line":32,"column":17}},"loc":{"start":{"line":32,"column":55},"end":{"line":34,"column":null}}},"4":{"name":"(anonymous_4)","decl":{"start":{"line":35,"column":12},"end":{"line":35,"column":13}},"loc":{"start":{"line":35,"column":51},"end":{"line":38,"column":null}}},"5":{"name":"(anonymous_5)","decl":{"start":{"line":39,"column":2},"end":{"line":39,"column":15}},"loc":{"start":{"line":39,"column":40},"end":{"line":41,"column":null}}},"6":{"name":"(anonymous_6)","decl":{"start":{"line":42,"column":2},"end":{"line":42,"column":17}},"loc":{"start":{"line":42,"column":42},"end":{"line":44,"column":null}}},"7":{"name":"(anonymous_7)","decl":{"start":{"line":45,"column":2},"end":{"line":45,"column":11}},"loc":{"start":{"line":45,"column":36},"end":{"line":48,"column":null}}}},"branchMap":{},"s":{"0":0,"1":0,"2":0,"3":0,"4":0,"5":0,"6":0,"7":0,"8":0,"9":0,"10":0,"11":0,"12":0,"13":0,"14":0,"15":0,"16":0,"17":0,"18":0,"19":0,"20":0,"21":0,"22":0,"23":0,"24":0},"f":{"0":0,"1":0,"2":0,"3":0,"4":0,"5":0,"6":0,"7":0},"b":{}}
,"C:\\vueapp\\test\\src\\utils\\validate.ts": {"path":"C:\\vueapp\\test\\src\\utils\\validate.ts","statementMap":{"0":{"start":{"line":6,"column":2},"end":{"line":6,"column":9}},"1":{"start":{"line":18,"column":2},"end":{"line":18,"column":9}},"2":{"start":{"line":26,"column":20},"end":{"line":26,"column":21}},"3":{"start":{"line":27,"column":2},"end":{"line":27,"column":9}},"4":{"start":{"line":35,"column":14},"end":{"line":35,"column":null}},"5":{"start":{"line":36,"column":2},"end":{"line":36,"column":9}},"6":{"start":{"line":44,"column":14},"end":{"line":44,"column":null}},"7":{"start":{"line":45,"column":2},"end":{"line":45,"column":9}},"8":{"start":{"line":53,"column":14},"end":{"line":53,"column":null}},"9":{"start":{"line":54,"column":2},"end":{"line":54,"column":9}},"10":{"start":{"line":62,"column":14},"end":{"line":62,"column":null}},"11":{"start":{"line":63,"column":2},"end":{"line":63,"column":9}},"12":{"start":{"line":71,"column":14},"end":{"line":71,"column":null}},"13":{"start":{"line":72,"column":2},"end":{"line":72,"column":9}},"14":{"start":{"line":80,"column":2},"end":{"line":82,"column":null}},"15":{"start":{"line":81,"column":4},"end":{"line":81,"column":11}},"16":{"start":{"line":83,"column":2},"end":{"line":83,"column":9}},"17":{"start":{"line":91,"column":2},"end":{"line":93,"column":null}},"18":{"start":{"line":92,"column":4},"end":{"line":92,"column":11}},"19":{"start":{"line":94,"column":2},"end":{"line":94,"column":9}}},"fnMap":{"0":{"name":"isUndefinedOrNotNull","decl":{"start":{"line":5,"column":16},"end":{"line":5,"column":37}},"loc":{"start":{"line":5,"column":45},"end":{"line":7,"column":null}}},"1":{"name":"isExternal","decl":{"start":{"line":17,"column":16},"end":{"line":17,"column":27}},"loc":{"start":{"line":17,"column":39},"end":{"line":19,"column":null}}},"2":{"name":"validUsername","decl":{"start":{"line":25,"column":16},"end":{"line":25,"column":30}},"loc":{"start":{"line":25,"column":41},"end":{"line":28,"column":null}}},"3":{"name":"validURL","decl":{"start":{"line":34,"column":16},"end":{"line":34,"column":25}},"loc":{"start":{"line":34,"column":36},"end":{"line":37,"column":null}}},"4":{"name":"validLowerCase","decl":{"start":{"line":43,"column":16},"end":{"line":43,"column":31}},"loc":{"start":{"line":43,"column":42},"end":{"line":46,"column":null}}},"5":{"name":"validUpperCase","decl":{"start":{"line":52,"column":16},"end":{"line":52,"column":31}},"loc":{"start":{"line":52,"column":42},"end":{"line":55,"column":null}}},"6":{"name":"validAlphabets","decl":{"start":{"line":61,"column":16},"end":{"line":61,"column":31}},"loc":{"start":{"line":61,"column":42},"end":{"line":64,"column":null}}},"7":{"name":"validEmail","decl":{"start":{"line":70,"column":16},"end":{"line":70,"column":27}},"loc":{"start":{"line":70,"column":40},"end":{"line":73,"column":null}}},"8":{"name":"isString","decl":{"start":{"line":79,"column":16},"end":{"line":79,"column":25}},"loc":{"start":{"line":79,"column":33},"end":{"line":84,"column":null}}},"9":{"name":"isArray","decl":{"start":{"line":90,"column":16},"end":{"line":90,"column":24}},"loc":{"start":{"line":90,"column":31},"end":{"line":95,"column":null}}}},"branchMap":{"0":{"loc":{"start":{"line":6,"column":54},"end":{"line":6,"column":61}},"type":"cond-expr","locations":[{"start":{"line":6,"column":54},"end":{"line":6,"column":61}},{"start":{"line":6,"column":61},"end":{"line":6,"column":null}}]},"1":{"loc":{"start":{"line":6,"column":9},"end":{"line":6,"column":39}},"type":"binary-expr","locations":[{"start":{"line":6,"column":9},"end":{"line":6,"column":39}},{"start":{"line":6,"column":39},"end":{"line":6,"column":54}}]},"2":{"loc":{"start":{"line":80,"column":2},"end":{"line":82,"column":null}},"type":"if","locations":[{"start":{"line":80,"column":2},"end":{"line":82,"column":null}},{"start":{"line":80,"column":2},"end":{"line":82,"column":null}}]},"3":{"loc":{"start":{"line":80,"column":6},"end":{"line":80,"column":33}},"type":"binary-expr","locations":[{"start":{"line":80,"column":6},"end":{"line":80,"column":33}},{"start":{"line":80,"column":33},"end":{"line":80,"column":56}}]},"4":{"loc":{"start":{"line":91,"column":2},"end":{"line":93,"column":null}},"type":"if","locations":[{"start":{"line":91,"column":2},"end":{"line":93,"column":null}},{"start":{"line":91,"column":2},"end":{"line":93,"column":null}}]}},"s":{"0":0,"1":0,"2":0,"3":0,"4":0,"5":0,"6":0,"7":0,"8":0,"9":0,"10":0,"11":0,"12":0,"13":0,"14":0,"15":0,"16":0,"17":0,"18":0,"19":0},"f":{"0":0,"1":0,"2":0,"3":0,"4":0,"5":0,"6":0,"7":0,"8":0,"9":0},"b":{"0":[0,0],"1":[0,0],"2":[0,0],"3":[0,0],"4":[0,0]}}
,"C:\\vueapp\\test\\src\\vendor\\Export2Excel.js": {"path":"C:\\vueapp\\test\\src\\vendor\\Export2Excel.js","statementMap":{"0":{"start":{"line":6,"column":12},"end":{"line":6,"column":14}},"1":{"start":{"line":7,"column":13},"end":{"line":7,"column":41}},"2":{"start":{"line":8,"column":15},"end":{"line":8,"column":17}},"3":{"start":{"line":9,"column":2},"end":{"line":51,"column":3}},"4":{"start":{"line":9,"column":15},"end":{"line":9,"column":16}},"5":{"start":{"line":10,"column":17},"end":{"line":10,"column":19}},"6":{"start":{"line":11,"column":14},"end":{"line":11,"column":21}},"7":{"start":{"line":12,"column":18},"end":{"line":12,"column":44}},"8":{"start":{"line":13,"column":4},"end":{"line":49,"column":5}},"9":{"start":{"line":13,"column":17},"end":{"line":13,"column":18}},"10":{"start":{"line":14,"column":17},"end":{"line":14,"column":27}},"11":{"start":{"line":15,"column":20},"end":{"line":15,"column":48}},"12":{"start":{"line":16,"column":20},"end":{"line":16,"column":48}},"13":{"start":{"line":17,"column":22},"end":{"line":17,"column":36}},"14":{"start":{"line":18,"column":6},"end":{"line":18,"column":78}},"15":{"start":{"line":18,"column":55},"end":{"line":18,"column":78}},"16":{"start":{"line":21,"column":6},"end":{"line":25,"column":9}},"17":{"start":{"line":22,"column":8},"end":{"line":24,"column":9}},"18":{"start":{"line":23,"column":10},"end":{"line":23,"column":77}},"19":{"start":{"line":23,"column":23},"end":{"line":23,"column":24}},"20":{"start":{"line":23,"column":59},"end":{"line":23,"column":77}},"21":{"start":{"line":28,"column":6},"end":{"line":41,"column":7}},"22":{"start":{"line":29,"column":8},"end":{"line":29,"column":31}},"23":{"start":{"line":30,"column":8},"end":{"line":30,"column":31}},"24":{"start":{"line":31,"column":8},"end":{"line":40,"column":11}},"25":{"start":{"line":44,"column":6},"end":{"line":44,"column":55}},"26":{"start":{"line":47,"column":6},"end":{"line":48,"column":64}},"27":{"start":{"line":48,"column":8},"end":{"line":48,"column":64}},"28":{"start":{"line":48,"column":21},"end":{"line":48,"column":22}},"29":{"start":{"line":48,"column":46},"end":{"line":48,"column":64}},"30":{"start":{"line":50,"column":4},"end":{"line":50,"column":21}},"31":{"start":{"line":52,"column":2},"end":{"line":52,"column":23}},"32":{"start":{"line":56,"column":2},"end":{"line":56,"column":26}},"33":{"start":{"line":56,"column":16},"end":{"line":56,"column":26}},"34":{"start":{"line":57,"column":14},"end":{"line":57,"column":27}},"35":{"start":{"line":58,"column":2},"end":{"line":58,"column":76}},"36":{"start":{"line":62,"column":11},"end":{"line":62,"column":13}},"37":{"start":{"line":63,"column":14},"end":{"line":72,"column":3}},"38":{"start":{"line":73,"column":2},"end":{"line":98,"column":3}},"39":{"start":{"line":73,"column":15},"end":{"line":73,"column":16}},"40":{"start":{"line":74,"column":4},"end":{"line":97,"column":5}},"41":{"start":{"line":74,"column":17},"end":{"line":74,"column":18}},"42":{"start":{"line":75,"column":6},"end":{"line":75,"column":39}},"43":{"start":{"line":75,"column":25},"end":{"line":75,"column":39}},"44":{"start":{"line":76,"column":6},"end":{"line":76,"column":39}},"45":{"start":{"line":76,"column":25},"end":{"line":76,"column":39}},"46":{"start":{"line":77,"column":6},"end":{"line":77,"column":39}},"47":{"start":{"line":77,"column":25},"end":{"line":77,"column":39}},"48":{"start":{"line":78,"column":6},"end":{"line":78,"column":39}},"49":{"start":{"line":78,"column":25},"end":{"line":78,"column":39}},"50":{"start":{"line":79,"column":17},"end":{"line":81,"column":7}},"51":{"start":{"line":82,"column":6},"end":{"line":82,"column":35}},"52":{"start":{"line":82,"column":26},"end":{"line":82,"column":35}},"53":{"start":{"line":83,"column":21},"end":{"line":86,"column":8}},"54":{"start":{"line":88,"column":6},"end":{"line":94,"column":26}},"55":{"start":{"line":88,"column":38},"end":{"line":88,"column":51}},"56":{"start":{"line":89,"column":11},"end":{"line":94,"column":26}},"57":{"start":{"line":89,"column":44},"end":{"line":89,"column":57}},"58":{"start":{"line":90,"column":11},"end":{"line":94,"column":26}},"59":{"start":{"line":91,"column":8},"end":{"line":91,"column":21}},"60":{"start":{"line":92,"column":8},"end":{"line":92,"column":37}},"61":{"start":{"line":93,"column":8},"end":{"line":93,"column":33}},"62":{"start":{"line":94,"column":13},"end":{"line":94,"column":26}},"63":{"start":{"line":96,"column":6},"end":{"line":96,"column":26}},"64":{"start":{"line":99,"column":2},"end":{"line":99,"column":72}},"65":{"start":{"line":99,"column":28},"end":{"line":99,"column":72}},"66":{"start":{"line":100,"column":2},"end":{"line":100,"column":12}},"67":{"start":{"line":104,"column":2},"end":{"line":104,"column":57}},"68":{"start":{"line":104,"column":35},"end":{"line":104,"column":57}},"69":{"start":{"line":105,"column":2},"end":{"line":105,"column":23}},"70":{"start":{"line":106,"column":2},"end":{"line":106,"column":19}},"71":{"start":{"line":110,"column":12},"end":{"line":110,"column":37}},"72":{"start":{"line":111,"column":13},"end":{"line":111,"column":32}},"73":{"start":{"line":112,"column":2},"end":{"line":112,"column":71}},"74":{"start":{"line":112,"column":15},"end":{"line":112,"column":16}},"75":{"start":{"line":112,"column":38},"end":{"line":112,"column":71}},"76":{"start":{"line":113,"column":2},"end":{"line":113,"column":13}},"77":{"start":{"line":117,"column":17},"end":{"line":117,"column":44}},"78":{"start":{"line":118,"column":11},"end":{"line":118,"column":34}},"79":{"start":{"line":119,"column":15},"end":{"line":119,"column":20}},"80":{"start":{"line":122,"column":13},"end":{"line":122,"column":18}},"81":{"start":{"line":123,"column":16},"end":{"line":123,"column":25}},"82":{"start":{"line":125,"column":11},"end":{"line":125,"column":25}},"83":{"start":{"line":126,"column":9},"end":{"line":126,"column":41}},"84":{"start":{"line":130,"column":2},"end":{"line":130,"column":25}},"85":{"start":{"line":133,"column":2},"end":{"line":133,"column":30}},"86":{"start":{"line":134,"column":2},"end":{"line":134,"column":26}},"87":{"start":{"line":136,"column":14},"end":{"line":140,"column":4}},"88":{"start":{"line":142,"column":2},"end":{"line":144,"column":18}},"89":{"start":{"line":157,"column":2},"end":{"line":157,"column":37}},"90":{"start":{"line":158,"column":2},"end":{"line":158,"column":18}},"91":{"start":{"line":159,"column":2},"end":{"line":159,"column":23}},"92":{"start":{"line":161,"column":2},"end":{"line":163,"column":3}},"93":{"start":{"line":161,"column":15},"end":{"line":161,"column":37}},"94":{"start":{"line":162,"column":4},"end":{"line":162,"column":32}},"95":{"start":{"line":165,"column":16},"end":{"line":165,"column":25}},"96":{"start":{"line":166,"column":11},"end":{"line":166,"column":25}},"97":{"start":{"line":167,"column":9},"end":{"line":167,"column":41}},"98":{"start":{"line":169,"column":2},"end":{"line":174,"column":3}},"99":{"start":{"line":170,"column":4},"end":{"line":170,"column":43}},"100":{"start":{"line":170,"column":24},"end":{"line":170,"column":43}},"101":{"start":{"line":171,"column":4},"end":{"line":173,"column":6}},"102":{"start":{"line":172,"column":6},"end":{"line":172,"column":55}},"103":{"start":{"line":176,"column":2},"end":{"line":206,"column":3}},"104":{"start":{"line":178,"column":21},"end":{"line":195,"column":7}},"105":{"start":{"line":178,"column":37},"end":{"line":195,"column":6}},"106":{"start":{"line":180,"column":6},"end":{"line":194,"column":7}},"107":{"start":{"line":181,"column":8},"end":{"line":183,"column":10}},"108":{"start":{"line":186,"column":11},"end":{"line":194,"column":7}},"109":{"start":{"line":187,"column":8},"end":{"line":189,"column":10}},"110":{"start":{"line":191,"column":8},"end":{"line":193,"column":10}},"111":{"start":{"line":197,"column":17},"end":{"line":197,"column":28}},"112":{"start":{"line":198,"column":4},"end":{"line":204,"column":5}},"113":{"start":{"line":198,"column":17},"end":{"line":198,"column":18}},"114":{"start":{"line":199,"column":6},"end":{"line":203,"column":7}},"115":{"start":{"line":199,"column":19},"end":{"line":199,"column":20}},"116":{"start":{"line":200,"column":8},"end":{"line":202,"column":9}},"117":{"start":{"line":201,"column":10},"end":{"line":201,"column":51}},"118":{"start":{"line":205,"column":4},"end":{"line":205,"column":25}},"119":{"start":{"line":209,"column":2},"end":{"line":209,"column":30}},"120":{"start":{"line":210,"column":2},"end":{"line":210,"column":26}},"121":{"start":{"line":212,"column":14},"end":{"line":216,"column":4}},"122":{"start":{"line":217,"column":2},"end":{"line":219,"column":33}}},"fnMap":{"0":{"name":"generateArray","decl":{"start":{"line":5,"column":9},"end":{"line":5,"column":22}},"loc":{"start":{"line":5,"column":30},"end":{"line":53,"column":1}},"line":5},"1":{"name":"(anonymous_1)","decl":{"start":{"line":21,"column":21},"end":{"line":21,"column":22}},"loc":{"start":{"line":21,"column":38},"end":{"line":25,"column":7}},"line":21},"2":{"name":"datenum","decl":{"start":{"line":55,"column":9},"end":{"line":55,"column":16}},"loc":{"start":{"line":55,"column":30},"end":{"line":59,"column":1}},"line":55},"3":{"name":"sheet_from_array_of_arrays","decl":{"start":{"line":61,"column":9},"end":{"line":61,"column":35}},"loc":{"start":{"line":61,"column":48},"end":{"line":101,"column":1}},"line":61},"4":{"name":"Workbook","decl":{"start":{"line":103,"column":9},"end":{"line":103,"column":17}},"loc":{"start":{"line":103,"column":20},"end":{"line":107,"column":1}},"line":103},"5":{"name":"s2ab","decl":{"start":{"line":109,"column":9},"end":{"line":109,"column":13}},"loc":{"start":{"line":109,"column":17},"end":{"line":114,"column":1}},"line":109},"6":{"name":"export_table_to_excel","decl":{"start":{"line":116,"column":16},"end":{"line":116,"column":37}},"loc":{"start":{"line":116,"column":42},"end":{"line":145,"column":1}},"line":116},"7":{"name":"export_json_to_excel","decl":{"start":{"line":147,"column":16},"end":{"line":147,"column":36}},"loc":{"start":{"line":155,"column":8},"end":{"line":220,"column":1}},"line":155},"8":{"name":"(anonymous_8)","decl":{"start":{"line":171,"column":19},"end":{"line":171,"column":20}},"loc":{"start":{"line":171,"column":27},"end":{"line":173,"column":5}},"line":171},"9":{"name":"(anonymous_9)","decl":{"start":{"line":178,"column":30},"end":{"line":178,"column":31}},"loc":{"start":{"line":178,"column":37},"end":{"line":195,"column":6}},"line":178},"10":{"name":"(anonymous_10)","decl":{"start":{"line":178,"column":45},"end":{"line":178,"column":46}},"loc":{"start":{"line":178,"column":52},"end":{"line":195,"column":5}},"line":178}},"branchMap":{"0":{"loc":{"start":{"line":18,"column":6},"end":{"line":18,"column":78}},"type":"if","locations":[{"start":{"line":18,"column":6},"end":{"line":18,"column":78}},{"start":{"line":18,"column":6},"end":{"line":18,"column":78}}],"line":18},"1":{"loc":{"start":{"line":18,"column":10},"end":{"line":18,"column":53}},"type":"binary-expr","locations":[{"start":{"line":18,"column":10},"end":{"line":18,"column":26}},{"start":{"line":18,"column":30},"end":{"line":18,"column":53}}],"line":18},"2":{"loc":{"start":{"line":22,"column":8},"end":{"line":24,"column":9}},"type":"if","locations":[{"start":{"line":22,"column":8},"end":{"line":24,"column":9}},{"start":{"line":22,"column":8},"end":{"line":24,"column":9}}],"line":22},"3":{"loc":{"start":{"line":22,"column":12},"end":{"line":22,"column":104}},"type":"binary-expr","locations":[{"start":{"line":22,"column":12},"end":{"line":22,"column":26}},{"start":{"line":22,"column":30},"end":{"line":22,"column":44}},{"start":{"line":22,"column":48},"end":{"line":22,"column":74}},{"start":{"line":22,"column":78},"end":{"line":22,"column":104}}],"line":22},"4":{"loc":{"start":{"line":28,"column":6},"end":{"line":41,"column":7}},"type":"if","locations":[{"start":{"line":28,"column":6},"end":{"line":41,"column":7}},{"start":{"line":28,"column":6},"end":{"line":41,"column":7}}],"line":28},"5":{"loc":{"start":{"line":28,"column":10},"end":{"line":28,"column":28}},"type":"binary-expr","locations":[{"start":{"line":28,"column":10},"end":{"line":28,"column":17}},{"start":{"line":28,"column":21},"end":{"line":28,"column":28}}],"line":28},"6":{"loc":{"start":{"line":29,"column":18},"end":{"line":29,"column":30}},"type":"binary-expr","locations":[{"start":{"line":29,"column":18},"end":{"line":29,"column":25}},{"start":{"line":29,"column":29},"end":{"line":29,"column":30}}],"line":29},"7":{"loc":{"start":{"line":30,"column":18},"end":{"line":30,"column":30}},"type":"binary-expr","locations":[{"start":{"line":30,"column":18},"end":{"line":30,"column":25}},{"start":{"line":30,"column":29},"end":{"line":30,"column":30}}],"line":30},"8":{"loc":{"start":{"line":44,"column":18},"end":{"line":44,"column":53}},"type":"cond-expr","locations":[{"start":{"line":44,"column":37},"end":{"line":44,"column":46}},{"start":{"line":44,"column":49},"end":{"line":44,"column":53}}],"line":44},"9":{"loc":{"start":{"line":47,"column":6},"end":{"line":48,"column":64}},"type":"if","locations":[{"start":{"line":47,"column":6},"end":{"line":48,"column":64}},{"start":{"line":47,"column":6},"end":{"line":48,"column":64}}],"line":47},"10":{"loc":{"start":{"line":56,"column":2},"end":{"line":56,"column":26}},"type":"if","locations":[{"start":{"line":56,"column":2},"end":{"line":56,"column":26}},{"start":{"line":56,"column":2},"end":{"line":56,"column":26}}],"line":56},"11":{"loc":{"start":{"line":75,"column":6},"end":{"line":75,"column":39}},"type":"if","locations":[{"start":{"line":75,"column":6},"end":{"line":75,"column":39}},{"start":{"line":75,"column":6},"end":{"line":75,"column":39}}],"line":75},"12":{"loc":{"start":{"line":76,"column":6},"end":{"line":76,"column":39}},"type":"if","locations":[{"start":{"line":76,"column":6},"end":{"line":76,"column":39}},{"start":{"line":76,"column":6},"end":{"line":76,"column":39}}],"line":76},"13":{"loc":{"start":{"line":77,"column":6},"end":{"line":77,"column":39}},"type":"if","locations":[{"start":{"line":77,"column":6},"end":{"line":77,"column":39}},{"start":{"line":77,"column":6},"end":{"line":77,"column":39}}],"line":77},"14":{"loc":{"start":{"line":78,"column":6},"end":{"line":78,"column":39}},"type":"if","locations":[{"start":{"line":78,"column":6},"end":{"line":78,"column":39}},{"start":{"line":78,"column":6},"end":{"line":78,"column":39}}],"line":78},"15":{"loc":{"start":{"line":82,"column":6},"end":{"line":82,"column":35}},"type":"if","locations":[{"start":{"line":82,"column":6},"end":{"line":82,"column":35}},{"start":{"line":82,"column":6},"end":{"line":82,"column":35}}],"line":82},"16":{"loc":{"start":{"line":88,"column":6},"end":{"line":94,"column":26}},"type":"if","locations":[{"start":{"line":88,"column":6},"end":{"line":94,"column":26}},{"start":{"line":88,"column":6},"end":{"line":94,"column":26}}],"line":88},"17":{"loc":{"start":{"line":89,"column":11},"end":{"line":94,"column":26}},"type":"if","locations":[{"start":{"line":89,"column":11},"end":{"line":94,"column":26}},{"start":{"line":89,"column":11},"end":{"line":94,"column":26}}],"line":89},"18":{"loc":{"start":{"line":90,"column":11},"end":{"line":94,"column":26}},"type":"if","locations":[{"start":{"line":90,"column":11},"end":{"line":94,"column":26}},{"start":{"line":90,"column":11},"end":{"line":94,"column":26}}],"line":90},"19":{"loc":{"start":{"line":99,"column":2},"end":{"line":99,"column":72}},"type":"if","locations":[{"start":{"line":99,"column":2},"end":{"line":99,"column":72}},{"start":{"line":99,"column":2},"end":{"line":99,"column":72}}],"line":99},"20":{"loc":{"start":{"line":104,"column":2},"end":{"line":104,"column":57}},"type":"if","locations":[{"start":{"line":104,"column":2},"end":{"line":104,"column":57}},{"start":{"line":104,"column":2},"end":{"line":104,"column":57}}],"line":104},"21":{"loc":{"start":{"line":147,"column":37},"end":{"line":155,"column":6}},"type":"default-arg","locations":[{"start":{"line":155,"column":4},"end":{"line":155,"column":6}}],"line":147},"22":{"loc":{"start":{"line":148,"column":2},"end":{"line":148,"column":18}},"type":"default-arg","locations":[{"start":{"line":148,"column":16},"end":{"line":148,"column":18}}],"line":148},"23":{"loc":{"start":{"line":152,"column":2},"end":{"line":152,"column":13}},"type":"default-arg","locations":[{"start":{"line":152,"column":11},"end":{"line":152,"column":13}}],"line":152},"24":{"loc":{"start":{"line":153,"column":2},"end":{"line":153,"column":18}},"type":"default-arg","locations":[{"start":{"line":153,"column":14},"end":{"line":153,"column":18}}],"line":153},"25":{"loc":{"start":{"line":154,"column":2},"end":{"line":154,"column":19}},"type":"default-arg","locations":[{"start":{"line":154,"column":13},"end":{"line":154,"column":19}}],"line":154},"26":{"loc":{"start":{"line":157,"column":13},"end":{"line":157,"column":37}},"type":"binary-expr","locations":[{"start":{"line":157,"column":13},"end":{"line":157,"column":21}},{"start":{"line":157,"column":25},"end":{"line":157,"column":37}}],"line":157},"27":{"loc":{"start":{"line":169,"column":2},"end":{"line":174,"column":3}},"type":"if","locations":[{"start":{"line":169,"column":2},"end":{"line":174,"column":3}},{"start":{"line":169,"column":2},"end":{"line":174,"column":3}}],"line":169},"28":{"loc":{"start":{"line":170,"column":4},"end":{"line":170,"column":43}},"type":"if","locations":[{"start":{"line":170,"column":4},"end":{"line":170,"column":43}},{"start":{"line":170,"column":4},"end":{"line":170,"column":43}}],"line":170},"29":{"loc":{"start":{"line":176,"column":2},"end":{"line":206,"column":3}},"type":"if","locations":[{"start":{"line":176,"column":2},"end":{"line":206,"column":3}},{"start":{"line":176,"column":2},"end":{"line":206,"column":3}}],"line":176},"30":{"loc":{"start":{"line":180,"column":6},"end":{"line":194,"column":7}},"type":"if","locations":[{"start":{"line":180,"column":6},"end":{"line":194,"column":7}},{"start":{"line":180,"column":6},"end":{"line":194,"column":7}}],"line":180},"31":{"loc":{"start":{"line":186,"column":11},"end":{"line":194,"column":7}},"type":"if","locations":[{"start":{"line":186,"column":11},"end":{"line":194,"column":7}},{"start":{"line":186,"column":11},"end":{"line":194,"column":7}}],"line":186},"32":{"loc":{"start":{"line":200,"column":8},"end":{"line":202,"column":9}},"type":"if","locations":[{"start":{"line":200,"column":8},"end":{"line":202,"column":9}},{"start":{"line":200,"column":8},"end":{"line":202,"column":9}}],"line":200}},"s":{"0":0,"1":0,"2":0,"3":0,"4":0,"5":0,"6":0,"7":0,"8":0,"9":0,"10":0,"11":0,"12":0,"13":0,"14":0,"15":0,"16":0,"17":0,"18":0,"19":0,"20":0,"21":0,"22":0,"23":0,"24":0,"25":0,"26":0,"27":0,"28":0,"29":0,"30":0,"31":0,"32":0,"33":0,"34":0,"35":0,"36":0,"37":0,"38":0,"39":0,"40":0,"41":0,"42":0,"43":0,"44":0,"45":0,"46":0,"47":0,"48":0,"49":0,"50":0,"51":0,"52":0,"53":0,"54":0,"55":0,"56":0,"57":0,"58":0,"59":0,"60":0,"61":0,"62":0,"63":0,"64":0,"65":0,"66":0,"67":0,"68":0,"69":0,"70":0,"71":0,"72":0,"73":0,"74":0,"75":0,"76":0,"77":0,"78":0,"79":0,"80":0,"81":0,"82":0,"83":0,"84":0,"85":0,"86":0,"87":0,"88":0,"89":0,"90":0,"91":0,"92":0,"93":0,"94":0,"95":0,"96":0,"97":0,"98":0,"99":0,"100":0,"101":0,"102":0,"103":0,"104":0,"105":0,"106":0,"107":0,"108":0,"109":0,"110":0,"111":0,"112":0,"113":0,"114":0,"115":0,"116":0,"117":0,"118":0,"119":0,"120":0,"121":0,"122":0},"f":{"0":0,"1":0,"2":0,"3":0,"4":0,"5":0,"6":0,"7":0,"8":0,"9":0,"10":0},"b":{"0":[0,0],"1":[0,0],"2":[0,0],"3":[0,0,0,0],"4":[0,0],"5":[0,0],"6":[0,0],"7":[0,0],"8":[0,0],"9":[0,0],"10":[0,0],"11":[0,0],"12":[0,0],"13":[0,0],"14":[0,0],"15":[0,0],"16":[0,0],"17":[0,0],"18":[0,0],"19":[0,0],"20":[0,0],"21":[0],"22":[0],"23":[0],"24":[0],"25":[0],"26":[0,0],"27":[0,0],"28":[0,0],"29":[0,0],"30":[0,0],"31":[0,0],"32":[0,0]},"hash":"677d7707603b79397f5baf4c142c1bee98ceba12"}
,"C:\\vueapp\\test\\src\\vendor\\Export2Zip.js": {"path":"C:\\vueapp\\test\\src\\vendor\\Export2Zip.js","statementMap":{"0":{"start":{"line":6,"column":14},"end":{"line":6,"column":25}},"1":{"start":{"line":7,"column":19},"end":{"line":7,"column":36}},"2":{"start":{"line":8,"column":19},"end":{"line":8,"column":36}},"3":{"start":{"line":9,"column":15},"end":{"line":9,"column":23}},"4":{"start":{"line":10,"column":16},"end":{"line":10,"column":27}},"5":{"start":{"line":11,"column":2},"end":{"line":15,"column":4}},"6":{"start":{"line":12,"column":18},"end":{"line":12,"column":20}},"7":{"start":{"line":13,"column":4},"end":{"line":13,"column":28}},"8":{"start":{"line":14,"column":4},"end":{"line":14,"column":31}},"9":{"start":{"line":16,"column":2},"end":{"line":16,"column":38}},"10":{"start":{"line":17,"column":2},"end":{"line":23,"column":4}},"11":{"start":{"line":20,"column":4},"end":{"line":20,"column":35}},"12":{"start":{"line":22,"column":4},"end":{"line":22,"column":17}}},"fnMap":{"0":{"name":"export_txt_to_zip","decl":{"start":{"line":5,"column":16},"end":{"line":5,"column":33}},"loc":{"start":{"line":5,"column":66},"end":{"line":24,"column":1}},"line":5},"1":{"name":"(anonymous_1)","decl":{"start":{"line":11,"column":15},"end":{"line":11,"column":16}},"loc":{"start":{"line":11,"column":24},"end":{"line":15,"column":3}},"line":11},"2":{"name":"(anonymous_2)","decl":{"start":{"line":19,"column":10},"end":{"line":19,"column":11}},"loc":{"start":{"line":19,"column":20},"end":{"line":21,"column":3}},"line":19},"3":{"name":"(anonymous_3)","decl":{"start":{"line":21,"column":5},"end":{"line":21,"column":6}},"loc":{"start":{"line":21,"column":14},"end":{"line":23,"column":3}},"line":21}},"branchMap":{"0":{"loc":{"start":{"line":7,"column":19},"end":{"line":7,"column":36}},"type":"binary-expr","locations":[{"start":{"line":7,"column":19},"end":{"line":7,"column":26}},{"start":{"line":7,"column":30},"end":{"line":7,"column":36}}],"line":7},"1":{"loc":{"start":{"line":8,"column":19},"end":{"line":8,"column":36}},"type":"binary-expr","locations":[{"start":{"line":8,"column":19},"end":{"line":8,"column":26}},{"start":{"line":8,"column":30},"end":{"line":8,"column":36}}],"line":8}},"s":{"0":0,"1":0,"2":0,"3":0,"4":0,"5":0,"6":0,"7":0,"8":0,"9":0,"10":0,"11":0,"12":0},"f":{"0":0,"1":0,"2":0,"3":0},"b":{"0":[0,0],"1":[0,0]},"hash":"3fa5af43ef3258f015c9a3abfec93b28aecc0f4b"}
,"C:\\vueapp\\test\\src\\views\\Home.vue": {"path":"C:\\vueapp\\test\\src\\views\\Home.vue","statementMap":{"0":{"start":{"line":15,"column":0},"end":{"line":15,"column":null}},"1":{"start":{"line":16,"column":0},"end":{"line":16,"column":null}},"2":{"start":{"line":17,"column":0},"end":{"line":17,"column":null}},"3":{"start":{"line":24,"column":0},"end":{"line":24,"column":null}},"4":{"start":{"line":26,"column":0},"end":{"line":26,"column":null}},"5":{"start":{"line":27,"column":0},"end":{"line":27,"column":null}},"6":{"start":{"line":30,"column":0},"end":{"line":30,"column":null}},"7":{"start":{"line":35,"column":0},"end":{"line":35,"column":null}},"8":{"start":{"line":38,"column":0},"end":{"line":38,"column":null}},"9":{"start":{"line":24,"column":0},"end":{"line":19,"column":null}}},"fnMap":{"0":{"name":"(anonymous_1)","decl":{"start":{"line":19,"column":0},"end":{"line":19,"column":null}},"loc":{"start":{"line":19,"column":0},"end":{"line":40,"column":null}}},"1":{"name":"(anonymous_2)","decl":{"start":{"line":29,"column":0},"end":{"line":29,"column":null}},"loc":{"start":{"line":29,"column":0},"end":{"line":31,"column":null}}},"2":{"name":"(anonymous_3)","decl":{"start":{"line":34,"column":0},"end":{"line":34,"column":null}},"loc":{"start":{"line":34,"column":0},"end":{"line":36,"column":null}}},"3":{"name":"(anonymous_4)","decl":{"start":{"line":37,"column":0},"end":{"line":37,"column":null}},"loc":{"start":{"line":37,"column":0},"end":{"line":39,"column":null}}}},"branchMap":{},"s":{"0":0,"1":0,"2":0,"3":0,"4":0,"5":0,"6":0,"7":0,"8":0,"9":0},"f":{"0":0,"1":0,"2":0,"3":0},"b":{}}
,"C:\\vueapp\\test\\src\\views\\LoginPage.vue": {"path":"C:\\vueapp\\test\\src\\views\\LoginPage.vue","statementMap":{"0":{"start":{"line":6,"column":0},"end":{"line":6,"column":null}},"1":{"start":{"line":7,"column":0},"end":{"line":7,"column":null}},"2":{"start":{"line":8,"column":0},"end":{"line":8,"column":null}},"3":{"start":{"line":15,"column":0},"end":{"line":15,"column":null}},"4":{"start":{"line":15,"column":0},"end":{"line":10,"column":null}}},"fnMap":{},"branchMap":{},"s":{"0":0,"1":0,"2":0,"3":0,"4":0},"f":{},"b":{}}
}
