TN:
SF:C:\vueapp\test\src\App.vue
FNF:0
FNH:0
DA:6,0
DA:11,0
LF:2
LH:0
BRF:0
BRH:0
end_of_record
TN:
SF:C:\vueapp\test\src\api\axios.ts
FN:10,(anonymous_0)
FN:36,(anonymous_1)
FN:41,(anonymous_2)
FN:47,(anonymous_3)
FN:57,(anonymous_4)
FN:73,(anonymous_5)
FN:78,(anonymous_6)
FN:84,(anonymous_7)
FNF:8
FNH:0
FNDA:0,(anonymous_0)
FNDA:0,(anonymous_1)
FNDA:0,(anonymous_2)
FNDA:0,(anonymous_3)
FNDA:0,(anonymous_4)
FNDA:0,(anonymous_5)
FNDA:0,(anonymous_6)
FNDA:0,(anonymous_7)
DA:1,0
DA:2,0
DA:3,0
DA:5,0
DA:6,0
DA:7,0
DA:10,0
DA:15,0
DA:16,0
DA:18,0
DA:19,0
DA:21,0
DA:23,0
DA:24,0
DA:29,0
DA:30,0
DA:38,0
DA:39,0
DA:43,0
DA:45,0
DA:51,0
DA:54,0
DA:57,0
DA:62,0
DA:64,0
DA:65,0
DA:67,0
DA:68,0
DA:75,0
DA:76,0
DA:80,0
DA:82,0
DA:88,0
DA:91,0
DA:94,0
LF:35
LH:0
BRDA:18,0,0,0
BRDA:18,0,1,0
BRDA:18,1,0,0
BRDA:18,1,1,0
BRDA:19,2,0,0
BRDA:19,2,1,0
BRDA:23,3,0,0
BRDA:23,3,1,0
BRDA:23,4,0,0
BRDA:23,4,1,0
BRDA:64,5,0,0
BRDA:64,5,1,0
BRDA:64,6,0,0
BRDA:64,6,1,0
BRDA:65,7,0,0
BRDA:65,7,1,0
BRF:16
BRH:0
end_of_record
TN:
SF:C:\vueapp\test\src\components\Example.vue
FN:14,(anonymous_1)
FNF:1
FNH:0
FNDA:0,(anonymous_1)
DA:12,0
DA:15,0
DA:16,0
DA:17,0
DA:18,0
LF:5
LH:0
BRF:0
BRH:0
end_of_record
TN:
SF:C:\vueapp\test\src\components\LocaleSelect\LocaleSelect.vue
FN:29,(anonymous_1)
FN:42,(anonymous_2)
FN:47,(anonymous_3)
FN:49,(anonymous_4)
FNF:4
FNH:3
FNDA:3,(anonymous_1)
FNDA:0,(anonymous_2)
FNDA:3,(anonymous_3)
FNDA:3,(anonymous_4)
DA:23,1
DA:24,1
DA:27,1
DA:30,2
DA:31,3
DA:37,3
DA:39,1
DA:40,1
DA:43,0
DA:50,3
LF:10
LH:9
BRF:0
BRH:0
end_of_record
TN:
SF:C:\vueapp\test\src\components\Login\Login.vue
FN:41,(anonymous_1)
FN:53,(anonymous_2)
FN:57,(anonymous_3)
FN:62,(anonymous_4)
FN:66,(anonymous_5)
FN:73,(anonymous_6)
FN:77,(anonymous_7)
FNF:7
FNH:0
FNDA:0,(anonymous_1)
FNDA:0,(anonymous_2)
FNDA:0,(anonymous_3)
FNDA:0,(anonymous_4)
FNDA:0,(anonymous_5)
FNDA:0,(anonymous_6)
FNDA:0,(anonymous_7)
DA:33,0
DA:34,0
DA:36,0
DA:39,0
DA:49,0
DA:50,0
DA:51,0
DA:54,0
DA:58,0
DA:63,0
DA:67,0
DA:70,0
DA:71,0
DA:74,0
DA:78,0
DA:83,0
DA:85,0
DA:86,0
DA:87,0
DA:88,0
DA:89,0
DA:90,0
DA:92,0
LF:23
LH:0
BRDA:85,0,0,0
BRDA:85,0,1,0
BRDA:88,1,0,0
BRDA:88,1,1,0
BRDA:92,2,0,0
BRDA:92,2,1,0
BRDA:51,3,0,0
BRDA:51,3,1,0
BRF:8
BRH:0
end_of_record
TN:
SF:C:\vueapp\test\src\layout\DefaultLayout.vue
FN:22,(anonymous_1)
FN:33,(anonymous_2)
FN:37,(anonymous_3)
FN:42,(anonymous_4)
FN:45,(anonymous_5)
FN:48,(anonymous_6)
FN:51,(anonymous_7)
FN:56,(anonymous_8)
FN:59,(anonymous_9)
FNF:9
FNH:0
FNDA:0,(anonymous_1)
FNDA:0,(anonymous_2)
FNDA:0,(anonymous_3)
FNDA:0,(anonymous_4)
FNDA:0,(anonymous_5)
FNDA:0,(anonymous_6)
FNDA:0,(anonymous_7)
FNDA:0,(anonymous_8)
FNDA:0,(anonymous_9)
DA:16,0
DA:17,0
DA:18,0
DA:19,0
DA:20,0
DA:30,0
DA:31,0
DA:34,0
DA:38,0
DA:52,0
LF:10
LH:0
BRF:0
BRH:0
end_of_record
TN:
SF:C:\vueapp\test\src\layout\components\Main\MainFooter.vue
FN:12,(anonymous_1)
FNF:1
FNH:0
FNDA:0,(anonymous_1)
DA:8,0
DA:11,0
LF:2
LH:0
BRF:0
BRH:0
end_of_record
TN:
SF:C:\vueapp\test\src\layout\components\Main\MainHeader.vue
FN:48,(anonymous_1)
FN:56,(anonymous_2)
FN:64,(anonymous_3)
FN:68,(anonymous_4)
FN:72,(anonymous_5)
FNF:5
FNH:0
FNDA:0,(anonymous_1)
FNDA:0,(anonymous_2)
FNDA:0,(anonymous_3)
FNDA:0,(anonymous_4)
FNDA:0,(anonymous_5)
DA:31,0
DA:32,0
DA:33,0
DA:34,0
DA:36,0
DA:43,0
DA:44,0
DA:46,0
DA:49,0
DA:57,0
DA:60,0
DA:62,0
DA:65,0
DA:69,0
LF:14
LH:0
BRDA:44,0,0,0
BRDA:44,0,1,0
BRF:2
BRH:0
end_of_record
TN:
SF:C:\vueapp\test\src\layout\components\Main\MainNavi.vue
FN:26,(anonymous_1)
FN:30,(anonymous_2)
FNF:2
FNH:0
FNDA:0,(anonymous_1)
FNDA:0,(anonymous_2)
DA:10,0
DA:11,0
DA:12,0
DA:13,0
DA:20,0
DA:21,0
DA:22,0
DA:24,0
DA:27,0
LF:9
LH:0
BRDA:24,0,0,0
BRDA:24,0,1,0
BRF:2
BRH:0
end_of_record
TN:
SF:C:\vueapp\test\src\layout\components\Main\MainNaviList.vue
FN:15,(anonymous_1)
FN:21,(anonymous_2)
FNF:2
FNH:0
FNDA:0,(anonymous_1)
FNDA:0,(anonymous_2)
DA:13,0
DA:16,0
DA:17,0
DA:19,0
LF:4
LH:0
BRF:0
BRH:0
end_of_record
TN:
SF:C:\vueapp\test\src\layout\components\Main\MainProgress.vue
FN:14,(anonymous_1)
FN:20,(anonymous_2)
FN:24,(anonymous_3)
FN:28,(anonymous_4)
FN:31,(anonymous_5)
FNF:5
FNH:0
FNDA:0,(anonymous_1)
FNDA:0,(anonymous_2)
FNDA:0,(anonymous_3)
FNDA:0,(anonymous_4)
FNDA:0,(anonymous_5)
DA:12,0
DA:15,0
DA:16,0
DA:17,0
DA:18,0
DA:21,0
DA:25,0
DA:29,0
DA:31,0
DA:32,0
DA:33,0
LF:11
LH:0
BRF:0
BRH:0
end_of_record
TN:
SF:C:\vueapp\test\src\locale\index.ts
FNF:0
FNH:0
DA:1,1
DA:2,1
DA:3,1
DA:5,1
DA:7,1
DA:12,1
LF:6
LH:6
BRF:0
BRH:0
end_of_record
TN:
SF:C:\vueapp\test\src\locale\messages.ts
FNF:0
FNH:0
DA:1,1
DA:25,1
LF:2
LH:2
BRF:0
BRH:0
end_of_record
TN:
SF:C:\vueapp\test\src\plugins\vuetify.ts
FNF:0
FNH:0
DA:1,0
DA:2,0
DA:4,0
DA:6,0
LF:4
LH:0
BRF:0
BRH:0
end_of_record
TN:
SF:C:\vueapp\test\src\router\index.ts
FN:9,(anonymous_0)
FN:38,(anonymous_2)
FNF:2
FNH:0
FNDA:0,(anonymous_0)
FNDA:0,(anonymous_2)
DA:1,0
DA:2,0
DA:3,0
DA:4,0
DA:5,0
DA:7,0
DA:9,0
DA:11,0
DA:18,0
DA:25,0
DA:30,0
DA:32,0
DA:38,0
DA:39,0
DA:42,0
DA:43,0
DA:44,0
DA:45,0
DA:47,0
DA:51,0
LF:20
LH:0
BRDA:42,0,0,0
BRDA:42,0,1,0
BRDA:42,1,0,0
BRDA:42,1,1,0
BRDA:44,2,0,0
BRDA:44,2,1,0
BRDA:44,3,0,0
BRDA:44,3,1,0
BRF:8
BRH:0
end_of_record
TN:
SF:C:\vueapp\test\src\router\menuList.ts
FN:3,(anonymous_0)
FNF:1
FNH:0
FNDA:0,(anonymous_0)
DA:3,0
DA:5,0
DA:13,0
LF:3
LH:0
BRF:0
BRH:0
end_of_record
TN:
SF:C:\vueapp\test\src\store\index.ts
FNF:0
FNH:0
DA:1,0
DA:2,0
DA:3,0
DA:6,0
DA:12,0
DA:16,0
DA:18,0
DA:20,0
DA:30,0
LF:9
LH:0
BRF:0
BRH:0
end_of_record
TN:
SF:C:\vueapp\test\src\store\modules\Login\actions.ts
FN:8,(anonymous_0)
FN:50,(anonymous_1)
FN:70,(anonymous_2)
FN:73,(anonymous_3)
FN:76,(anonymous_4)
FNF:5
FNH:0
FNDA:0,(anonymous_0)
FNDA:0,(anonymous_1)
FNDA:0,(anonymous_2)
FNDA:0,(anonymous_3)
FNDA:0,(anonymous_4)
DA:4,0
DA:5,0
DA:7,0
DA:9,0
DA:10,0
DA:11,0
DA:12,0
DA:14,0
DA:15,0
DA:16,0
DA:19,0
DA:20,0
DA:22,0
DA:26,0
DA:27,0
DA:30,0
DA:33,0
DA:35,0
DA:36,0
DA:37,0
DA:40,0
DA:41,0
DA:43,0
DA:46,0
DA:51,0
DA:52,0
DA:53,0
DA:55,0
DA:56,0
DA:59,0
DA:61,0
DA:62,0
DA:63,0
DA:66,0
DA:67,0
DA:71,0
DA:74,0
DA:77,0
LF:38
LH:0
BRDA:14,0,0,0
BRDA:14,0,1,0
BRDA:19,1,0,0
BRDA:19,1,1,0
BRDA:22,2,0,0
BRDA:22,2,1,0
BRDA:23,3,0,0
BRDA:23,3,1,0
BRDA:33,4,0,0
BRDA:33,4,1,0
BRDA:40,5,0,0
BRDA:40,5,1,0
BRDA:40,6,0,0
BRDA:40,6,1,0
BRDA:55,7,0,0
BRDA:55,7,1,0
BRDA:59,8,0,0
BRDA:59,8,1,0
BRDA:66,9,0,0
BRDA:66,9,1,0
BRDA:66,10,0,0
BRDA:66,10,1,0
BRF:22
BRH:0
end_of_record
TN:
SF:C:\vueapp\test\src\store\modules\Login\getters.ts
FN:6,(anonymous_0)
FN:7,(anonymous_1)
FN:8,(anonymous_2)
FN:9,(anonymous_3)
FN:10,(anonymous_4)
FNF:5
FNH:0
FNDA:0,(anonymous_0)
FNDA:0,(anonymous_1)
FNDA:0,(anonymous_2)
FNDA:0,(anonymous_3)
FNDA:0,(anonymous_4)
DA:5,0
DA:6,0
DA:7,0
DA:8,0
DA:9,0
DA:10,0
LF:6
LH:0
BRDA:6,0,0,0
BRDA:6,0,1,0
BRF:2
BRH:0
end_of_record
TN:
SF:C:\vueapp\test\src\store\modules\Login\index.ts
FNF:0
FNH:0
DA:2,0
DA:3,0
DA:4,0
DA:9,0
DA:17,0
DA:29,0
DA:31,0
LF:7
LH:0
BRF:0
BRH:0
end_of_record
TN:
SF:C:\vueapp\test\src\store\modules\Login\mutations.ts
FN:7,(anonymous_0)
FN:15,(anonymous_1)
FN:23,(anonymous_2)
FN:32,(anonymous_3)
FN:35,(anonymous_4)
FN:39,(anonymous_5)
FN:42,(anonymous_6)
FN:45,(anonymous_7)
FNF:8
FNH:0
FNDA:0,(anonymous_0)
FNDA:0,(anonymous_1)
FNDA:0,(anonymous_2)
FNDA:0,(anonymous_3)
FNDA:0,(anonymous_4)
FNDA:0,(anonymous_5)
FNDA:0,(anonymous_6)
FNDA:0,(anonymous_7)
DA:3,0
DA:4,0
DA:6,0
DA:8,0
DA:9,0
DA:10,0
DA:12,0
DA:16,0
DA:17,0
DA:18,0
DA:19,0
DA:20,0
DA:24,0
DA:25,0
DA:26,0
DA:27,0
DA:28,0
DA:30,0
DA:33,0
DA:36,0
DA:37,0
DA:40,0
DA:43,0
DA:46,0
DA:47,0
LF:25
LH:0
BRF:0
BRH:0
end_of_record
TN:
SF:C:\vueapp\test\src\utils\validate.ts
FN:5,isUndefinedOrNotNull
FN:17,isExternal
FN:25,validUsername
FN:34,validURL
FN:43,validLowerCase
FN:52,validUpperCase
FN:61,validAlphabets
FN:70,validEmail
FN:79,isString
FN:90,isArray
FNF:10
FNH:0
FNDA:0,isUndefinedOrNotNull
FNDA:0,isExternal
FNDA:0,validUsername
FNDA:0,validURL
FNDA:0,validLowerCase
FNDA:0,validUpperCase
FNDA:0,validAlphabets
FNDA:0,validEmail
FNDA:0,isString
FNDA:0,isArray
DA:6,0
DA:18,0
DA:26,0
DA:27,0
DA:35,0
DA:36,0
DA:44,0
DA:45,0
DA:53,0
DA:54,0
DA:62,0
DA:63,0
DA:71,0
DA:72,0
DA:80,0
DA:81,0
DA:83,0
DA:91,0
DA:92,0
DA:94,0
LF:20
LH:0
BRDA:6,0,0,0
BRDA:6,0,1,0
BRDA:6,1,0,0
BRDA:6,1,1,0
BRDA:80,2,0,0
BRDA:80,2,1,0
BRDA:80,3,0,0
BRDA:80,3,1,0
BRDA:91,4,0,0
BRDA:91,4,1,0
BRF:10
BRH:0
end_of_record
TN:
SF:C:\vueapp\test\src\vendor\Export2Excel.js
FN:5,generateArray
FN:21,(anonymous_1)
FN:55,datenum
FN:61,sheet_from_array_of_arrays
FN:103,Workbook
FN:109,s2ab
FN:116,export_table_to_excel
FN:147,export_json_to_excel
FN:171,(anonymous_8)
FN:178,(anonymous_9)
FN:178,(anonymous_10)
FNF:11
FNH:0
FNDA:0,generateArray
FNDA:0,(anonymous_1)
FNDA:0,datenum
FNDA:0,sheet_from_array_of_arrays
FNDA:0,Workbook
FNDA:0,s2ab
FNDA:0,export_table_to_excel
FNDA:0,export_json_to_excel
FNDA:0,(anonymous_8)
FNDA:0,(anonymous_9)
FNDA:0,(anonymous_10)
DA:6,0
DA:7,0
DA:8,0
DA:9,0
DA:10,0
DA:11,0
DA:12,0
DA:13,0
DA:14,0
DA:15,0
DA:16,0
DA:17,0
DA:18,0
DA:21,0
DA:22,0
DA:23,0
DA:28,0
DA:29,0
DA:30,0
DA:31,0
DA:44,0
DA:47,0
DA:48,0
DA:50,0
DA:52,0
DA:56,0
DA:57,0
DA:58,0
DA:62,0
DA:63,0
DA:73,0
DA:74,0
DA:75,0
DA:76,0
DA:77,0
DA:78,0
DA:79,0
DA:82,0
DA:83,0
DA:88,0
DA:89,0
DA:90,0
DA:91,0
DA:92,0
DA:93,0
DA:94,0
DA:96,0
DA:99,0
DA:100,0
DA:104,0
DA:105,0
DA:106,0
DA:110,0
DA:111,0
DA:112,0
DA:113,0
DA:117,0
DA:118,0
DA:119,0
DA:122,0
DA:123,0
DA:125,0
DA:126,0
DA:130,0
DA:133,0
DA:134,0
DA:136,0
DA:142,0
DA:157,0
DA:158,0
DA:159,0
DA:161,0
DA:162,0
DA:165,0
DA:166,0
DA:167,0
DA:169,0
DA:170,0
DA:171,0
DA:172,0
DA:176,0
DA:178,0
DA:180,0
DA:181,0
DA:186,0
DA:187,0
DA:191,0
DA:197,0
DA:198,0
DA:199,0
DA:200,0
DA:201,0
DA:205,0
DA:209,0
DA:210,0
DA:212,0
DA:217,0
LF:97
LH:0
BRDA:18,0,0,0
BRDA:18,0,1,0
BRDA:18,1,0,0
BRDA:18,1,1,0
BRDA:22,2,0,0
BRDA:22,2,1,0
BRDA:22,3,0,0
BRDA:22,3,1,0
BRDA:22,3,2,0
BRDA:22,3,3,0
BRDA:28,4,0,0
BRDA:28,4,1,0
BRDA:28,5,0,0
BRDA:28,5,1,0
BRDA:29,6,0,0
BRDA:29,6,1,0
BRDA:30,7,0,0
BRDA:30,7,1,0
BRDA:44,8,0,0
BRDA:44,8,1,0
BRDA:47,9,0,0
BRDA:47,9,1,0
BRDA:56,10,0,0
BRDA:56,10,1,0
BRDA:75,11,0,0
BRDA:75,11,1,0
BRDA:76,12,0,0
BRDA:76,12,1,0
BRDA:77,13,0,0
BRDA:77,13,1,0
BRDA:78,14,0,0
BRDA:78,14,1,0
BRDA:82,15,0,0
BRDA:82,15,1,0
BRDA:88,16,0,0
BRDA:88,16,1,0
BRDA:89,17,0,0
BRDA:89,17,1,0
BRDA:90,18,0,0
BRDA:90,18,1,0
BRDA:99,19,0,0
BRDA:99,19,1,0
BRDA:104,20,0,0
BRDA:104,20,1,0
BRDA:147,21,0,0
BRDA:148,22,0,0
BRDA:152,23,0,0
BRDA:153,24,0,0
BRDA:154,25,0,0
BRDA:157,26,0,0
BRDA:157,26,1,0
BRDA:169,27,0,0
BRDA:169,27,1,0
BRDA:170,28,0,0
BRDA:170,28,1,0
BRDA:176,29,0,0
BRDA:176,29,1,0
BRDA:180,30,0,0
BRDA:180,30,1,0
BRDA:186,31,0,0
BRDA:186,31,1,0
BRDA:200,32,0,0
BRDA:200,32,1,0
BRF:63
BRH:0
end_of_record
TN:
SF:C:\vueapp\test\src\vendor\Export2Zip.js
FN:5,export_txt_to_zip
FN:11,(anonymous_1)
FN:19,(anonymous_2)
FN:21,(anonymous_3)
FNF:4
FNH:0
FNDA:0,export_txt_to_zip
FNDA:0,(anonymous_1)
FNDA:0,(anonymous_2)
FNDA:0,(anonymous_3)
DA:6,0
DA:7,0
DA:8,0
DA:9,0
DA:10,0
DA:11,0
DA:12,0
DA:13,0
DA:14,0
DA:16,0
DA:17,0
DA:20,0
DA:22,0
LF:13
LH:0
BRDA:7,0,0,0
BRDA:7,0,1,0
BRDA:8,1,0,0
BRDA:8,1,1,0
BRF:4
BRH:0
end_of_record
TN:
SF:C:\vueapp\test\src\views\Home.vue
FN:19,(anonymous_1)
FN:29,(anonymous_2)
FN:34,(anonymous_3)
FN:37,(anonymous_4)
FNF:4
FNH:0
FNDA:0,(anonymous_1)
FNDA:0,(anonymous_2)
FNDA:0,(anonymous_3)
FNDA:0,(anonymous_4)
DA:15,0
DA:16,0
DA:17,0
DA:24,0
DA:26,0
DA:27,0
DA:30,0
DA:35,0
DA:38,0
LF:9
LH:0
BRF:0
BRH:0
end_of_record
TN:
SF:C:\vueapp\test\src\views\LoginPage.vue
FNF:0
FNH:0
DA:6,0
DA:7,0
DA:8,0
DA:15,0
LF:4
LH:0
BRF:0
BRH:0
end_of_record
